In file included from tester6.cpp:4:
In file included from ./../Set/Set.cpp:1:
In file included from ./../Set/Set.hpp:10:
In file included from ./../Set/../rbt/rbt.cpp:2:
In file included from ./../Set/../rbt/../Queue/Queue.hpp:4:
In file included from ./../Set/../rbt/../Queue/../DeQue/Deque.cpp:1:
In file included from ./../Set/../rbt/../Queue/../DeQue/Deque.hpp:8:
In file included from ./../Set/../rbt/../Queue/../DeQue/DequeIterator.hpp:5:
In file included from ./../Set/../rbt/../Queue/../DeQue/../Vector/Vector.cpp:1:
./../Set/../rbt/../Queue/../DeQue/../Vector/Vector.hpp:94:75: error: no struct named '__false_type' in namespace 'ft::ft'
                                void _constructor(InputIterator first, InputIterator last, struct ft::__false_type);
                                                                                                  ~~~~^
./../Set/../rbt/../Queue/../DeQue/../Vector/Vector.hpp:95:54: error: no struct named '__true_type' in namespace 'ft::ft'
                                void _constructor(int n, const T & v, struct ft::__true_type);
                                                                             ~~~~^
In file included from tester6.cpp:4:
In file included from ./../Set/Set.cpp:1:
In file included from ./../Set/Set.hpp:10:
In file included from ./../Set/../rbt/rbt.cpp:2:
In file included from ./../Set/../rbt/../Queue/Queue.hpp:4:
In file included from ./../Set/../rbt/../Queue/../DeQue/Deque.cpp:1:
In file included from ./../Set/../rbt/../Queue/../DeQue/Deque.hpp:8:
In file included from ./../Set/../rbt/../Queue/../DeQue/DequeIterator.hpp:5:
In file included from ./../Set/../rbt/../Queue/../DeQue/../Vector/Vector.cpp:3:
/usr/bin/../lib/gcc/x86_64-linux-gnu/9/../../../../include/c++/9/cmath:83:9: error: no member named 'acos' in the global namespace; did you mean '::ft::acos'?
  using ::acos;
        ^~
/usr/include/x86_64-linux-gnu/bits/mathcalls.h:53:13: note: '::ft::acos' declared here
__MATHCALL (acos,, (_Mdouble_ __x));
            ^
In file included from tester6.cpp:4:
In file included from ./../Set/Set.cpp:1:
In file included from ./../Set/Set.hpp:10:
In file included from ./../Set/../rbt/rbt.cpp:2:
In file included from ./../Set/../rbt/../Queue/Queue.hpp:4:
In file included from ./../Set/../rbt/../Queue/../DeQue/Deque.cpp:1:
In file included from ./../Set/../rbt/../Queue/../DeQue/Deque.hpp:8:
In file included from ./../Set/../rbt/../Queue/../DeQue/DequeIterator.hpp:5:
In file included from ./../Set/../rbt/../Queue/../DeQue/../Vector/Vector.cpp:3:
/usr/bin/../lib/gcc/x86_64-linux-gnu/9/../../../../include/c++/9/cmath:102:9: error: no member named 'asin' in the global namespace; did you mean '::ft::asin'?
  using ::asin;
        ^~
/usr/include/x86_64-linux-gnu/bits/mathcalls.h:55:13: note: '::ft::asin' declared here
__MATHCALL (asin,, (_Mdouble_ __x));
            ^
In file included from tester6.cpp:4:
In file included from ./../Set/Set.cpp:1:
In file included from ./../Set/Set.hpp:10:
In file included from ./../Set/../rbt/rbt.cpp:2:
In file included from ./../Set/../rbt/../Queue/Queue.hpp:4:
In file included from ./../Set/../rbt/../Queue/../DeQue/Deque.cpp:1:
In file included from ./../Set/../rbt/../Queue/../DeQue/Deque.hpp:8:
In file included from ./../Set/../rbt/../Queue/../DeQue/DequeIterator.hpp:5:
In file included from ./../Set/../rbt/../Queue/../DeQue/../Vector/Vector.cpp:3:
/usr/bin/../lib/gcc/x86_64-linux-gnu/9/../../../../include/c++/9/cmath:121:9: error: no member named 'atan' in the global namespace; did you mean '::ft::atan'?
  using ::atan;
        ^~
/usr/include/x86_64-linux-gnu/bits/mathcalls.h:57:13: note: '::ft::atan' declared here
__MATHCALL (atan,, (_Mdouble_ __x));
            ^
In file included from tester6.cpp:4:
In file included from ./../Set/Set.cpp:1:
In file included from ./../Set/Set.hpp:10:
In file included from ./../Set/../rbt/rbt.cpp:2:
In file included from ./../Set/../rbt/../Queue/Queue.hpp:4:
In file included from ./../Set/../rbt/../Queue/../DeQue/Deque.cpp:1:
In file included from ./../Set/../rbt/../Queue/../DeQue/Deque.hpp:8:
In file included from ./../Set/../rbt/../Queue/../DeQue/DequeIterator.hpp:5:
In file included from ./../Set/../rbt/../Queue/../DeQue/../Vector/Vector.cpp:3:
/usr/bin/../lib/gcc/x86_64-linux-gnu/9/../../../../include/c++/9/cmath:140:9: error: no member named 'atan2' in the global namespace; did you mean '::ft::atan2'?
  using ::atan2;
        ^~
/usr/include/x86_64-linux-gnu/bits/mathcalls.h:59:13: note: '::ft::atan2' declared here
__MATHCALL (atan2,, (_Mdouble_ __y, _Mdouble_ __x));
            ^
In file included from tester6.cpp:4:
In file included from ./../Set/Set.cpp:1:
In file included from ./../Set/Set.hpp:10:
In file included from ./../Set/../rbt/rbt.cpp:2:
In file included from ./../Set/../rbt/../Queue/Queue.hpp:4:
In file included from ./../Set/../rbt/../Queue/../DeQue/Deque.cpp:1:
In file included from ./../Set/../rbt/../Queue/../DeQue/Deque.hpp:8:
In file included from ./../Set/../rbt/../Queue/../DeQue/DequeIterator.hpp:5:
In file included from ./../Set/../rbt/../Queue/../DeQue/../Vector/Vector.cpp:3:
/usr/bin/../lib/gcc/x86_64-linux-gnu/9/../../../../include/c++/9/cmath:161:9: error: no member named 'ceil' in the global namespace; did you mean '::ft::ceil'?
  using ::ceil;
        ^~
/usr/include/x86_64-linux-gnu/bits/mathcalls.h:159:14: note: '::ft::ceil' declared here
__MATHCALLX (ceil,, (_Mdouble_ __x), (__const__));
             ^
In file included from tester6.cpp:4:
In file included from ./../Set/Set.cpp:1:
In file included from ./../Set/Set.hpp:10:
In file included from ./../Set/../rbt/rbt.cpp:2:
In file included from ./../Set/../rbt/../Queue/Queue.hpp:4:
In file included from ./../Set/../rbt/../Queue/../DeQue/Deque.cpp:1:
In file included from ./../Set/../rbt/../Queue/../DeQue/Deque.hpp:8:
In file included from ./../Set/../rbt/../Queue/../DeQue/DequeIterator.hpp:5:
In file included from ./../Set/../rbt/../Queue/../DeQue/../Vector/Vector.cpp:3:
/usr/bin/../lib/gcc/x86_64-linux-gnu/9/../../../../include/c++/9/cmath:180:9: error: no member named 'cos' in the global namespace; did you mean '::ft::cos'?
  using ::cos;
        ^~
/usr/include/x86_64-linux-gnu/bits/mathcalls.h:62:17: note: '::ft::cos' declared here
__MATHCALL_VEC (cos,, (_Mdouble_ __x));
                ^
In file included from tester6.cpp:4:
In file included from ./../Set/Set.cpp:1:
In file included from ./../Set/Set.hpp:10:
In file included from ./../Set/../rbt/rbt.cpp:2:
In file included from ./../Set/../rbt/../Queue/Queue.hpp:4:
In file included from ./../Set/../rbt/../Queue/../DeQue/Deque.cpp:1:
In file included from ./../Set/../rbt/../Queue/../DeQue/Deque.hpp:8:
In file included from ./../Set/../rbt/../Queue/../DeQue/DequeIterator.hpp:5:
In file included from ./../Set/../rbt/../Queue/../DeQue/../Vector/Vector.cpp:3:
/usr/bin/../lib/gcc/x86_64-linux-gnu/9/../../../../include/c++/9/cmath:199:9: error: no member named 'cosh' in the global namespace; did you mean '::ft::cosh'?
  using ::cosh;
        ^~
/usr/include/x86_64-linux-gnu/bits/mathcalls.h:71:13: note: '::ft::cosh' declared here
__MATHCALL (cosh,, (_Mdouble_ __x));
            ^
In file included from tester6.cpp:4:
In file included from ./../Set/Set.cpp:1:
In file included from ./../Set/Set.hpp:10:
In file included from ./../Set/../rbt/rbt.cpp:2:
In file included from ./../Set/../rbt/../Queue/Queue.hpp:4:
In file included from ./../Set/../rbt/../Queue/../DeQue/Deque.cpp:1:
In file included from ./../Set/../rbt/../Queue/../DeQue/Deque.hpp:8:
In file included from ./../Set/../rbt/../Queue/../DeQue/DequeIterator.hpp:5:
In file included from ./../Set/../rbt/../Queue/../DeQue/../Vector/Vector.cpp:3:
/usr/bin/../lib/gcc/x86_64-linux-gnu/9/../../../../include/c++/9/cmath:218:9: error: no member named 'exp' in the global namespace; did you mean '::ft::exp'?
  using ::exp;
        ^~
/usr/include/x86_64-linux-gnu/bits/mathcalls.h:95:17: note: '::ft::exp' declared here
__MATHCALL_VEC (exp,, (_Mdouble_ __x));
                ^
In file included from tester6.cpp:4:
In file included from ./../Set/Set.cpp:1:
In file included from ./../Set/Set.hpp:10:
In file included from ./../Set/../rbt/rbt.cpp:2:
In file included from ./../Set/../rbt/../Queue/Queue.hpp:4:
In file included from ./../Set/../rbt/../Queue/../DeQue/Deque.cpp:1:
In file included from ./../Set/../rbt/../Queue/../DeQue/Deque.hpp:8:
In file included from ./../Set/../rbt/../Queue/../DeQue/DequeIterator.hpp:5:
In file included from ./../Set/../rbt/../Queue/../DeQue/../Vector/Vector.cpp:3:
/usr/bin/../lib/gcc/x86_64-linux-gnu/9/../../../../include/c++/9/cmath:237:11: error: no member named 'fabs' in the global namespace
  using ::fabs;
        ~~^
/usr/bin/../lib/gcc/x86_64-linux-gnu/9/../../../../include/c++/9/cmath:256:9: error: no member named 'floor' in the global namespace; did you mean '::ft::floor'?
  using ::floor;
        ^~
/usr/include/x86_64-linux-gnu/bits/mathcalls.h:165:14: note: '::ft::floor' declared here
__MATHCALLX (floor,, (_Mdouble_ __x), (__const__));
             ^
In file included from tester6.cpp:4:
In file included from ./../Set/Set.cpp:1:
In file included from ./../Set/Set.hpp:10:
In file included from ./../Set/../rbt/rbt.cpp:2:
In file included from ./../Set/../rbt/../Queue/Queue.hpp:4:
In file included from ./../Set/../rbt/../Queue/../DeQue/Deque.cpp:1:
In file included from ./../Set/../rbt/../Queue/../DeQue/Deque.hpp:8:
In file included from ./../Set/../rbt/../Queue/../DeQue/DequeIterator.hpp:5:
In file included from ./../Set/../rbt/../Queue/../DeQue/../Vector/Vector.cpp:3:
/usr/bin/../lib/gcc/x86_64-linux-gnu/9/../../../../include/c++/9/cmath:275:9: error: no member named 'fmod' in the global namespace; did you mean '::ft::fmod'?
  using ::fmod;
        ^~
/usr/include/x86_64-linux-gnu/bits/mathcalls.h:168:13: note: '::ft::fmod' declared here
__MATHCALL (fmod,, (_Mdouble_ __x, _Mdouble_ __y));
            ^
In file included from tester6.cpp:4:
In file included from ./../Set/Set.cpp:1:
In file included from ./../Set/Set.hpp:10:
In file included from ./../Set/../rbt/rbt.cpp:2:
In file included from ./../Set/../rbt/../Queue/Queue.hpp:4:
In file included from ./../Set/../rbt/../Queue/../DeQue/Deque.cpp:1:
In file included from ./../Set/../rbt/../Queue/../DeQue/Deque.hpp:8:
In file included from ./../Set/../rbt/../Queue/../DeQue/DequeIterator.hpp:5:
In file included from ./../Set/../rbt/../Queue/../DeQue/../Vector/Vector.cpp:3:
/usr/bin/../lib/gcc/x86_64-linux-gnu/9/../../../../include/c++/9/cmath:296:9: error: no member named 'frexp' in the global namespace; did you mean '::ft::frexp'?
  using ::frexp;
        ^~
/usr/include/x86_64-linux-gnu/bits/mathcalls.h:98:13: note: '::ft::frexp' declared here
__MATHCALL (frexp,, (_Mdouble_ __x, int *__exponent));
            ^
In file included from tester6.cpp:4:
In file included from ./../Set/Set.cpp:1:
In file included from ./../Set/Set.hpp:10:
In file included from ./../Set/../rbt/rbt.cpp:2:
In file included from ./../Set/../rbt/../Queue/Queue.hpp:4:
In file included from ./../Set/../rbt/../Queue/../DeQue/Deque.cpp:1:
In file included from ./../Set/../rbt/../Queue/../DeQue/Deque.hpp:8:
In file included from ./../Set/../rbt/../Queue/../DeQue/DequeIterator.hpp:5:
In file included from ./../Set/../rbt/../Queue/../DeQue/../Vector/Vector.cpp:3:
/usr/bin/../lib/gcc/x86_64-linux-gnu/9/../../../../include/c++/9/cmath:315:9: error: no member named 'ldexp' in the global namespace; did you mean '::ft::ldexp'?
  using ::ldexp;
        ^~
/usr/include/x86_64-linux-gnu/bits/mathcalls.h:101:13: note: '::ft::ldexp' declared here
__MATHCALL (ldexp,, (_Mdouble_ __x, int __exponent));
            ^
In file included from tester6.cpp:4:
In file included from ./../Set/Set.cpp:1:
In file included from ./../Set/Set.hpp:10:
In file included from ./../Set/../rbt/rbt.cpp:2:
In file included from ./../Set/../rbt/../Queue/Queue.hpp:4:
In file included from ./../Set/../rbt/../Queue/../DeQue/Deque.cpp:1:
In file included from ./../Set/../rbt/../Queue/../DeQue/Deque.hpp:8:
In file included from ./../Set/../rbt/../Queue/../DeQue/DequeIterator.hpp:5:
In file included from ./../Set/../rbt/../Queue/../DeQue/../Vector/Vector.cpp:3:
/usr/bin/../lib/gcc/x86_64-linux-gnu/9/../../../../include/c++/9/cmath:334:9: error: no member named 'log' in the global namespace; did you mean '::ft::log'?
  using ::log;
        ^~
/usr/include/x86_64-linux-gnu/bits/mathcalls.h:104:17: note: '::ft::log' declared here
__MATHCALL_VEC (log,, (_Mdouble_ __x));
                ^
In file included from tester6.cpp:4:
In file included from ./../Set/Set.cpp:1:
In file included from ./../Set/Set.hpp:10:
In file included from ./../Set/../rbt/rbt.cpp:2:
In file included from ./../Set/../rbt/../Queue/Queue.hpp:4:
In file included from ./../Set/../rbt/../Queue/../DeQue/Deque.cpp:1:
In file included from ./../Set/../rbt/../Queue/../DeQue/Deque.hpp:8:
In file included from ./../Set/../rbt/../Queue/../DeQue/DequeIterator.hpp:5:
In file included from ./../Set/../rbt/../Queue/../DeQue/../Vector/Vector.cpp:3:
/usr/bin/../lib/gcc/x86_64-linux-gnu/9/../../../../include/c++/9/cmath:353:9: error: no member named 'log10' in the global namespace; did you mean '::ft::log10'?
  using ::log10;
        ^~
/usr/include/x86_64-linux-gnu/bits/mathcalls.h:107:13: note: '::ft::log10' declared here
__MATHCALL (log10,, (_Mdouble_ __x));
            ^
In file included from tester6.cpp:4:
In file included from ./../Set/Set.cpp:1:
In file included from ./../Set/Set.hpp:10:
In file included from ./../Set/../rbt/rbt.cpp:2:
In file included from ./../Set/../rbt/../Queue/Queue.hpp:4:
In file included from ./../Set/../rbt/../Queue/../DeQue/Deque.cpp:1:
In file included from ./../Set/../rbt/../Queue/../DeQue/Deque.hpp:8:
In file included from ./../Set/../rbt/../Queue/../DeQue/DequeIterator.hpp:5:
In file included from ./../Set/../rbt/../Queue/../DeQue/../Vector/Vector.cpp:3:
/usr/bin/../lib/gcc/x86_64-linux-gnu/9/../../../../include/c++/9/cmath:372:9: error: no member named 'modf' in the global namespace; did you mean '::ft::modf'?
  using ::modf;
        ^~
/usr/include/x86_64-linux-gnu/bits/mathcalls.h:110:13: note: '::ft::modf' declared here
__MATHCALL (modf,, (_Mdouble_ __x, _Mdouble_ *__iptr)) __nonnull ((2));
            ^
In file included from tester6.cpp:4:
In file included from ./../Set/Set.cpp:1:
In file included from ./../Set/Set.hpp:10:
In file included from ./../Set/../rbt/rbt.cpp:2:
In file included from ./../Set/../rbt/../Queue/Queue.hpp:4:
In file included from ./../Set/../rbt/../Queue/../DeQue/Deque.cpp:1:
In file included from ./../Set/../rbt/../Queue/../DeQue/Deque.hpp:8:
In file included from ./../Set/../rbt/../Queue/../DeQue/DequeIterator.hpp:5:
In file included from ./../Set/../rbt/../Queue/../DeQue/../Vector/Vector.cpp:3:
/usr/bin/../lib/gcc/x86_64-linux-gnu/9/../../../../include/c++/9/cmath:384:9: error: no member named 'pow' in the global namespace; did you mean '::ft::pow'?
  using ::pow;
        ^~
/usr/include/x86_64-linux-gnu/bits/mathcalls.h:140:17: note: '::ft::pow' declared here
__MATHCALL_VEC (pow,, (_Mdouble_ __x, _Mdouble_ __y));
                ^
In file included from tester6.cpp:4:
In file included from ./../Set/Set.cpp:1:
In file included from ./../Set/Set.hpp:10:
In file included from ./../Set/../rbt/rbt.cpp:2:
In file included from ./../Set/../rbt/../Queue/Queue.hpp:4:
In file included from ./../Set/../rbt/../Queue/../DeQue/Deque.cpp:1:
In file included from ./../Set/../rbt/../Queue/../DeQue/Deque.hpp:8:
In file included from ./../Set/../rbt/../Queue/../DeQue/DequeIterator.hpp:5:
In file included from ./../Set/../rbt/../Queue/../DeQue/../Vector/Vector.cpp:3:
/usr/bin/../lib/gcc/x86_64-linux-gnu/9/../../../../include/c++/9/cmath:421:9: error: no member named 'sin' in the global namespace; did you mean '::ft::sin'?
  using ::sin;
        ^~
/usr/include/x86_64-linux-gnu/bits/mathcalls.h:64:17: note: '::ft::sin' declared here
__MATHCALL_VEC (sin,, (_Mdouble_ __x));
                ^
In file included from tester6.cpp:4:
In file included from ./../Set/Set.cpp:1:
In file included from ./../Set/Set.hpp:10:
In file included from ./../Set/../rbt/rbt.cpp:2:
In file included from ./../Set/../rbt/../Queue/Queue.hpp:4:
In file included from ./../Set/../rbt/../Queue/../DeQue/Deque.cpp:1:
In file included from ./../Set/../rbt/../Queue/../DeQue/Deque.hpp:8:
In file included from ./../Set/../rbt/../Queue/../DeQue/DequeIterator.hpp:5:
In file included from ./../Set/../rbt/../Queue/../DeQue/../Vector/Vector.cpp:3:
/usr/bin/../lib/gcc/x86_64-linux-gnu/9/../../../../include/c++/9/cmath:440:9: error: no member named 'sinh' in the global namespace; did you mean '::ft::sinh'?
  using ::sinh;
        ^~
/usr/include/x86_64-linux-gnu/bits/mathcalls.h:73:13: note: '::ft::sinh' declared here
__MATHCALL (sinh,, (_Mdouble_ __x));
            ^
In file included from tester6.cpp:4:
In file included from ./../Set/Set.cpp:1:
In file included from ./../Set/Set.hpp:10:
In file included from ./../Set/../rbt/rbt.cpp:2:
In file included from ./../Set/../rbt/../Queue/Queue.hpp:4:
In file included from ./../Set/../rbt/../Queue/../DeQue/Deque.cpp:1:
In file included from ./../Set/../rbt/../Queue/../DeQue/Deque.hpp:8:
In file included from ./../Set/../rbt/../Queue/../DeQue/DequeIterator.hpp:5:
In file included from ./../Set/../rbt/../Queue/../DeQue/../Vector/Vector.cpp:3:
/usr/bin/../lib/gcc/x86_64-linux-gnu/9/../../../../include/c++/9/cmath:459:9: error: no member named 'sqrt' in the global namespace; did you mean '::ft::sqrt'?
  using ::sqrt;
        ^~
/usr/include/x86_64-linux-gnu/bits/mathcalls.h:143:13: note: '::ft::sqrt' declared here
__MATHCALL (sqrt,, (_Mdouble_ __x));
            ^
In file included from tester6.cpp:4:
In file included from ./../Set/Set.cpp:1:
In file included from ./../Set/Set.hpp:10:
In file included from ./../Set/../rbt/rbt.cpp:2:
In file included from ./../Set/../rbt/../Queue/Queue.hpp:4:
In file included from ./../Set/../rbt/../Queue/../DeQue/Deque.cpp:1:
In file included from ./../Set/../rbt/../Queue/../DeQue/Deque.hpp:8:
In file included from ./../Set/../rbt/../Queue/../DeQue/DequeIterator.hpp:5:
In file included from ./../Set/../rbt/../Queue/../DeQue/../Vector/Vector.cpp:3:
/usr/bin/../lib/gcc/x86_64-linux-gnu/9/../../../../include/c++/9/cmath:478:9: error: no member named 'tan' in the global namespace; did you mean '::ft::tan'?
  using ::tan;
        ^~
/usr/include/x86_64-linux-gnu/bits/mathcalls.h:66:13: note: '::ft::tan' declared here
__MATHCALL (tan,, (_Mdouble_ __x));
            ^
In file included from tester6.cpp:4:
In file included from ./../Set/Set.cpp:1:
In file included from ./../Set/Set.hpp:10:
In file included from ./../Set/../rbt/rbt.cpp:2:
In file included from ./../Set/../rbt/../Queue/Queue.hpp:4:
In file included from ./../Set/../rbt/../Queue/../DeQue/Deque.cpp:1:
In file included from ./../Set/../rbt/../Queue/../DeQue/Deque.hpp:8:
In file included from ./../Set/../rbt/../Queue/../DeQue/DequeIterator.hpp:5:
In file included from ./../Set/../rbt/../Queue/../DeQue/../Vector/Vector.cpp:3:
/usr/bin/../lib/gcc/x86_64-linux-gnu/9/../../../../include/c++/9/cmath:497:9: error: no member named 'tanh' in the global namespace; did you mean '::ft::tanh'?
  using ::tanh;
        ^~
/usr/include/x86_64-linux-gnu/bits/mathcalls.h:75:13: note: '::ft::tanh' declared here
__MATHCALL (tanh,, (_Mdouble_ __x));
            ^
In file included from tester6.cpp:4:
In file included from ./../Set/Set.cpp:1:
In file included from ./../Set/Set.hpp:10:
In file included from ./../Set/../rbt/rbt.cpp:2:
In file included from ./../Set/../rbt/../Queue/Queue.hpp:4:
In file included from ./../Set/../rbt/../Queue/../DeQue/Deque.cpp:1:
In file included from ./../Set/../rbt/../Queue/../DeQue/Deque.hpp:8:
In file included from ./../Set/../rbt/../Queue/../DeQue/DequeIterator.hpp:5:
In file included from ./../Set/../rbt/../Queue/../DeQue/../Vector/Vector.cpp:3:
/usr/bin/../lib/gcc/x86_64-linux-gnu/9/../../../../include/c++/9/cmath:698:29: error: no template named '__is_arithmetic'; did you mean '::std::__is_arithmetic'?
    __gnu_cxx::__enable_if<(__is_arithmetic<_Tp>::__value
                            ^
/usr/bin/../lib/gcc/x86_64-linux-gnu/9/../../../../include/c++/9/bits/cpp_type_traits.h:337:12: note: '::std::__is_arithmetic' declared here
    struct __is_arithmetic
           ^
In file included from tester6.cpp:4:
In file included from ./../Set/Set.cpp:1:
In file included from ./../Set/Set.hpp:10:
In file included from ./../Set/../rbt/rbt.cpp:2:
In file included from ./../Set/../rbt/../Queue/Queue.hpp:4:
In file included from ./../Set/../rbt/../Queue/../DeQue/Deque.cpp:1:
In file included from ./../Set/../rbt/../Queue/../DeQue/Deque.hpp:8:
In file included from ./../Set/../rbt/../Queue/../DeQue/DequeIterator.hpp:5:
In file included from ./../Set/../rbt/../Queue/../DeQue/../Vector/Vector.cpp:3:
/usr/bin/../lib/gcc/x86_64-linux-gnu/9/../../../../include/c++/9/cmath:699:11: error: no template named '__is_arithmetic'; did you mean '::std::__is_arithmetic'?
                            && __is_arithmetic<_Up>::__value), bool>::__type
                               ^
/usr/bin/../lib/gcc/x86_64-linux-gnu/9/../../../../include/c++/9/bits/cpp_type_traits.h:337:12: note: '::std::__is_arithmetic' declared here
    struct __is_arithmetic
           ^
In file included from tester6.cpp:4:
In file included from ./../Set/Set.cpp:1:
In file included from ./../Set/Set.hpp:10:
In file included from ./../Set/../rbt/rbt.cpp:2:
In file included from ./../Set/../rbt/../Queue/Queue.hpp:4:
In file included from ./../Set/../rbt/../Queue/../DeQue/Deque.cpp:1:
In file included from ./../Set/../rbt/../Queue/../DeQue/Deque.hpp:8:
In file included from ./../Set/../rbt/../Queue/../DeQue/DequeIterator.hpp:5:
In file included from ./../Set/../rbt/../Queue/../DeQue/../Vector/Vector.cpp:3:
/usr/bin/../lib/gcc/x86_64-linux-gnu/9/../../../../include/c++/9/cmath:724:29: error: no template named '__is_arithmetic'; did you mean '::std::__is_arithmetic'?
    __gnu_cxx::__enable_if<(__is_arithmetic<_Tp>::__value
                            ^
/usr/bin/../lib/gcc/x86_64-linux-gnu/9/../../../../include/c++/9/bits/cpp_type_traits.h:337:12: note: '::std::__is_arithmetic' declared here
    struct __is_arithmetic
           ^
In file included from tester6.cpp:4:
In file included from ./../Set/Set.cpp:1:
In file included from ./../Set/Set.hpp:10:
In file included from ./../Set/../rbt/rbt.cpp:2:
In file included from ./../Set/../rbt/../Queue/Queue.hpp:4:
In file included from ./../Set/../rbt/../Queue/../DeQue/Deque.cpp:1:
In file included from ./../Set/../rbt/../Queue/../DeQue/Deque.hpp:8:
In file included from ./../Set/../rbt/../Queue/../DeQue/DequeIterator.hpp:5:
In file included from ./../Set/../rbt/../Queue/../DeQue/../Vector/Vector.cpp:3:
/usr/bin/../lib/gcc/x86_64-linux-gnu/9/../../../../include/c++/9/cmath:725:11: error: no template named '__is_arithmetic'; did you mean '::std::__is_arithmetic'?
                            && __is_arithmetic<_Up>::__value), bool>::__type
                               ^
/usr/bin/../lib/gcc/x86_64-linux-gnu/9/../../../../include/c++/9/bits/cpp_type_traits.h:337:12: note: '::std::__is_arithmetic' declared here
    struct __is_arithmetic
           ^
In file included from tester6.cpp:4:
In file included from ./../Set/Set.cpp:1:
In file included from ./../Set/Set.hpp:10:
In file included from ./../Set/../rbt/rbt.cpp:2:
In file included from ./../Set/../rbt/../Queue/Queue.hpp:4:
In file included from ./../Set/../rbt/../Queue/../DeQue/Deque.cpp:1:
In file included from ./../Set/../rbt/../Queue/../DeQue/Deque.hpp:8:
In file included from ./../Set/../rbt/../Queue/../DeQue/DequeIterator.hpp:5:
In file included from ./../Set/../rbt/../Queue/../DeQue/../Vector/Vector.cpp:3:
/usr/bin/../lib/gcc/x86_64-linux-gnu/9/../../../../include/c++/9/cmath:750:29: error: no template named '__is_arithmetic'; did you mean '::std::__is_arithmetic'?
    __gnu_cxx::__enable_if<(__is_arithmetic<_Tp>::__value
                            ^
/usr/bin/../lib/gcc/x86_64-linux-gnu/9/../../../../include/c++/9/bits/cpp_type_traits.h:337:12: note: '::std::__is_arithmetic' declared here
    struct __is_arithmetic
           ^
In file included from tester6.cpp:4:
In file included from ./../Set/Set.cpp:1:
In file included from ./../Set/Set.hpp:10:
In file included from ./../Set/../rbt/rbt.cpp:2:
In file included from ./../Set/../rbt/../Queue/Queue.hpp:4:
In file included from ./../Set/../rbt/../Queue/../DeQue/Deque.cpp:1:
In file included from ./../Set/../rbt/../Queue/../DeQue/Deque.hpp:8:
In file included from ./../Set/../rbt/../Queue/../DeQue/DequeIterator.hpp:5:
In file included from ./../Set/../rbt/../Queue/../DeQue/../Vector/Vector.cpp:3:
/usr/bin/../lib/gcc/x86_64-linux-gnu/9/../../../../include/c++/9/cmath:751:11: error: no template named '__is_arithmetic'; did you mean '::std::__is_arithmetic'?
                            && __is_arithmetic<_Up>::__value), bool>::__type
                               ^
/usr/bin/../lib/gcc/x86_64-linux-gnu/9/../../../../include/c++/9/bits/cpp_type_traits.h:337:12: note: '::std::__is_arithmetic' declared here
    struct __is_arithmetic
           ^
In file included from tester6.cpp:4:
In file included from ./../Set/Set.cpp:1:
In file included from ./../Set/Set.hpp:10:
In file included from ./../Set/../rbt/rbt.cpp:2:
In file included from ./../Set/../rbt/../Queue/Queue.hpp:4:
In file included from ./../Set/../rbt/../Queue/../DeQue/Deque.cpp:1:
In file included from ./../Set/../rbt/../Queue/../DeQue/Deque.hpp:8:
In file included from ./../Set/../rbt/../Queue/../DeQue/DequeIterator.hpp:5:
In file included from ./../Set/../rbt/../Queue/../DeQue/../Vector/Vector.cpp:3:
/usr/bin/../lib/gcc/x86_64-linux-gnu/9/../../../../include/c++/9/cmath:776:29: error: no template named '__is_arithmetic'; did you mean '::std::__is_arithmetic'?
    __gnu_cxx::__enable_if<(__is_arithmetic<_Tp>::__value
                            ^
/usr/bin/../lib/gcc/x86_64-linux-gnu/9/../../../../include/c++/9/bits/cpp_type_traits.h:337:12: note: '::std::__is_arithmetic' declared here
    struct __is_arithmetic
           ^
In file included from tester6.cpp:4:
In file included from ./../Set/Set.cpp:1:
In file included from ./../Set/Set.hpp:10:
In file included from ./../Set/../rbt/rbt.cpp:2:
In file included from ./../Set/../rbt/../Queue/Queue.hpp:4:
In file included from ./../Set/../rbt/../Queue/../DeQue/Deque.cpp:1:
In file included from ./../Set/../rbt/../Queue/../DeQue/Deque.hpp:8:
In file included from ./../Set/../rbt/../Queue/../DeQue/DequeIterator.hpp:5:
In file included from ./../Set/../rbt/../Queue/../DeQue/../Vector/Vector.cpp:3:
/usr/bin/../lib/gcc/x86_64-linux-gnu/9/../../../../include/c++/9/cmath:777:11: error: no template named '__is_arithmetic'; did you mean '::std::__is_arithmetic'?
                            && __is_arithmetic<_Up>::__value), bool>::__type
                               ^
/usr/bin/../lib/gcc/x86_64-linux-gnu/9/../../../../include/c++/9/bits/cpp_type_traits.h:337:12: note: '::std::__is_arithmetic' declared here
    struct __is_arithmetic
           ^
In file included from tester6.cpp:4:
In file included from ./../Set/Set.cpp:1:
In file included from ./../Set/Set.hpp:10:
In file included from ./../Set/../rbt/rbt.cpp:2:
In file included from ./../Set/../rbt/../Queue/Queue.hpp:4:
In file included from ./../Set/../rbt/../Queue/../DeQue/Deque.cpp:1:
In file included from ./../Set/../rbt/../Queue/../DeQue/Deque.hpp:8:
In file included from ./../Set/../rbt/../Queue/../DeQue/DequeIterator.hpp:5:
In file included from ./../Set/../rbt/../Queue/../DeQue/../Vector/Vector.cpp:3:
/usr/bin/../lib/gcc/x86_64-linux-gnu/9/../../../../include/c++/9/cmath:802:29: error: no template named '__is_arithmetic'; did you mean '::std::__is_arithmetic'?
    __gnu_cxx::__enable_if<(__is_arithmetic<_Tp>::__value
                            ^
/usr/bin/../lib/gcc/x86_64-linux-gnu/9/../../../../include/c++/9/bits/cpp_type_traits.h:337:12: note: '::std::__is_arithmetic' declared here
    struct __is_arithmetic
           ^
In file included from tester6.cpp:4:
In file included from ./../Set/Set.cpp:1:
In file included from ./../Set/Set.hpp:10:
In file included from ./../Set/../rbt/rbt.cpp:2:
In file included from ./../Set/../rbt/../Queue/Queue.hpp:4:
In file included from ./../Set/../rbt/../Queue/../DeQue/Deque.cpp:1:
In file included from ./../Set/../rbt/../Queue/../DeQue/Deque.hpp:8:
In file included from ./../Set/../rbt/../Queue/../DeQue/DequeIterator.hpp:5:
In file included from ./../Set/../rbt/../Queue/../DeQue/../Vector/Vector.cpp:3:
/usr/bin/../lib/gcc/x86_64-linux-gnu/9/../../../../include/c++/9/cmath:803:11: error: no template named '__is_arithmetic'; did you mean '::std::__is_arithmetic'?
                            && __is_arithmetic<_Up>::__value), bool>::__type
                               ^
/usr/bin/../lib/gcc/x86_64-linux-gnu/9/../../../../include/c++/9/bits/cpp_type_traits.h:337:12: note: '::std::__is_arithmetic' declared here
    struct __is_arithmetic
           ^
In file included from tester6.cpp:4:
In file included from ./../Set/Set.cpp:1:
In file included from ./../Set/Set.hpp:10:
In file included from ./../Set/../rbt/rbt.cpp:2:
In file included from ./../Set/../rbt/../Queue/Queue.hpp:4:
In file included from ./../Set/../rbt/../Queue/../DeQue/Deque.cpp:1:
In file included from ./../Set/../rbt/../Queue/../DeQue/Deque.hpp:8:
In file included from ./../Set/../rbt/../Queue/../DeQue/DequeIterator.hpp:5:
In file included from ./../Set/../rbt/../Queue/../DeQue/../Vector/Vector.cpp:3:
/usr/bin/../lib/gcc/x86_64-linux-gnu/9/../../../../include/c++/9/cmath:828:29: error: no template named '__is_arithmetic'; did you mean '::std::__is_arithmetic'?
    __gnu_cxx::__enable_if<(__is_arithmetic<_Tp>::__value
                            ^
/usr/bin/../lib/gcc/x86_64-linux-gnu/9/../../../../include/c++/9/bits/cpp_type_traits.h:337:12: note: '::std::__is_arithmetic' declared here
    struct __is_arithmetic
           ^
In file included from tester6.cpp:4:
In file included from ./../Set/Set.cpp:1:
In file included from ./../Set/Set.hpp:10:
In file included from ./../Set/../rbt/rbt.cpp:2:
In file included from ./../Set/../rbt/../Queue/Queue.hpp:4:
In file included from ./../Set/../rbt/../Queue/../DeQue/Deque.cpp:1:
In file included from ./../Set/../rbt/../Queue/../DeQue/Deque.hpp:8:
In file included from ./../Set/../rbt/../Queue/../DeQue/DequeIterator.hpp:5:
In file included from ./../Set/../rbt/../Queue/../DeQue/../Vector/Vector.cpp:3:
/usr/bin/../lib/gcc/x86_64-linux-gnu/9/../../../../include/c++/9/cmath:829:11: error: no template named '__is_arithmetic'; did you mean '::std::__is_arithmetic'?
                            && __is_arithmetic<_Up>::__value), bool>::__type
                               ^
/usr/bin/../lib/gcc/x86_64-linux-gnu/9/../../../../include/c++/9/bits/cpp_type_traits.h:337:12: note: '::std::__is_arithmetic' declared here
    struct __is_arithmetic
           ^
In file included from tester6.cpp:4:
In file included from ./../Set/Set.cpp:1:
In file included from ./../Set/Set.hpp:10:
In file included from ./../Set/../rbt/rbt.cpp:2:
In file included from ./../Set/../rbt/../Queue/Queue.hpp:4:
In file included from ./../Set/../rbt/../Queue/../DeQue/Deque.cpp:1:
In file included from ./../Set/../rbt/../Queue/../DeQue/Deque.hpp:8:
In file included from ./../Set/../rbt/../Queue/../DeQue/DequeIterator.hpp:5:
In file included from ./../Set/../rbt/../Queue/../DeQue/../Vector/Vector.cpp:3:
/usr/bin/../lib/gcc/x86_64-linux-gnu/9/../../../../include/c++/9/cmath:1065:9: error: no member named 'double_t' in the global namespace; did you mean '::ft::double_t'?
  using ::double_t;
        ^~
/usr/include/math.h:150:16: note: '::ft::double_t' declared here
typedef double double_t;
               ^
In file included from tester6.cpp:4:
In file included from ./../Set/Set.cpp:1:
In file included from ./../Set/Set.hpp:10:
In file included from ./../Set/../rbt/rbt.cpp:2:
In file included from ./../Set/../rbt/../Queue/Queue.hpp:4:
In file included from ./../Set/../rbt/../Queue/../DeQue/Deque.cpp:1:
In file included from ./../Set/../rbt/../Queue/../DeQue/Deque.hpp:8:
In file included from ./../Set/../rbt/../Queue/../DeQue/DequeIterator.hpp:5:
In file included from ./../Set/../rbt/../Queue/../DeQue/../Vector/Vector.cpp:3:
/usr/bin/../lib/gcc/x86_64-linux-gnu/9/../../../../include/c++/9/cmath:1066:9: error: no member named 'float_t' in the global namespace; did you mean '::ft::float_t'?
  using ::float_t;
        ^~
/usr/include/math.h:149:15: note: '::ft::float_t' declared here
typedef float float_t;
              ^
In file included from tester6.cpp:4:
In file included from ./../Set/Set.cpp:1:
In file included from ./../Set/Set.hpp:10:
In file included from ./../Set/../rbt/rbt.cpp:2:
In file included from ./../Set/../rbt/../Queue/Queue.hpp:4:
In file included from ./../Set/../rbt/../Queue/../DeQue/Deque.cpp:1:
In file included from ./../Set/../rbt/../Queue/../DeQue/Deque.hpp:8:
In file included from ./../Set/../rbt/../Queue/../DeQue/DequeIterator.hpp:5:
In file included from ./../Set/../rbt/../Queue/../DeQue/../Vector/Vector.cpp:3:
/usr/bin/../lib/gcc/x86_64-linux-gnu/9/../../../../include/c++/9/cmath:1069:9: error: no member named 'acosh' in the global namespace; did you mean '::ft::acosh'?
  using ::acosh;
        ^~
/usr/include/x86_64-linux-gnu/bits/mathcalls.h:85:13: note: '::ft::acosh' declared here
__MATHCALL (acosh,, (_Mdouble_ __x));
            ^
In file included from tester6.cpp:4:
In file included from ./../Set/Set.cpp:1:
In file included from ./../Set/Set.hpp:10:
In file included from ./../Set/../rbt/rbt.cpp:2:
In file included from ./../Set/../rbt/../Queue/Queue.hpp:4:
In file included from ./../Set/../rbt/../Queue/../DeQue/Deque.cpp:1:
In file included from ./../Set/../rbt/../Queue/../DeQue/Deque.hpp:8:
In file included from ./../Set/../rbt/../Queue/../DeQue/DequeIterator.hpp:5:
In file included from ./../Set/../rbt/../Queue/../DeQue/../Vector/Vector.cpp:3:
/usr/bin/../lib/gcc/x86_64-linux-gnu/9/../../../../include/c++/9/cmath:1070:9: error: no member named 'acoshf' in the global namespace; did you mean '::ft::acoshf'?
  using ::acoshf;
        ^~
/usr/include/x86_64-linux-gnu/bits/mathcalls.h:85:1: note: '::ft::acoshf' declared here
__MATHCALL (acosh,, (_Mdouble_ __x));
^
/usr/include/math.h:273:3: note: expanded from macro '__MATHCALL'
  __MATHDECL (_Mdouble_,function,suffix, args)
  ^
/usr/include/math.h:275:3: note: expanded from macro '__MATHDECL'
  __MATHDECL_1(type, function,suffix, args); \
  ^
/usr/include/math.h:283:15: note: expanded from macro '__MATHDECL_1'
  extern type __MATH_PRECNAME(function,suffix) args __THROW
              ^
/usr/include/math.h:303:34: note: expanded from macro '__MATH_PRECNAME'
# define __MATH_PRECNAME(name,r) name##f##r
                                 ^
<scratch space>:413:1: note: expanded from here
acoshf
^
In file included from tester6.cpp:4:
In file included from ./../Set/Set.cpp:1:
In file included from ./../Set/Set.hpp:10:
In file included from ./../Set/../rbt/rbt.cpp:2:
In file included from ./../Set/../rbt/../Queue/Queue.hpp:4:
In file included from ./../Set/../rbt/../Queue/../DeQue/Deque.cpp:1:
In file included from ./../Set/../rbt/../Queue/../DeQue/Deque.hpp:8:
In file included from ./../Set/../rbt/../Queue/../DeQue/DequeIterator.hpp:5:
In file included from ./../Set/../rbt/../Queue/../DeQue/../Vector/Vector.cpp:3:
/usr/bin/../lib/gcc/x86_64-linux-gnu/9/../../../../include/c++/9/cmath:1071:9: error: no member named 'acoshl' in the global namespace; did you mean '::ft::acoshl'?
  using ::acoshl;
        ^~
/usr/include/x86_64-linux-gnu/bits/mathcalls.h:85:1: note: '::ft::acoshl' declared here
__MATHCALL (acosh,, (_Mdouble_ __x));
^
/usr/include/math.h:273:3: note: expanded from macro '__MATHCALL'
  __MATHDECL (_Mdouble_,function,suffix, args)
  ^
/usr/include/math.h:275:3: note: expanded from macro '__MATHDECL'
  __MATHDECL_1(type, function,suffix, args); \
  ^
/usr/include/math.h:283:15: note: expanded from macro '__MATHDECL_1'
  extern type __MATH_PRECNAME(function,suffix) args __THROW
              ^
/usr/include/math.h:345:35: note: expanded from macro '__MATH_PRECNAME'
#  define __MATH_PRECNAME(name,r) name##l##r
                                  ^
<scratch space>:258:1: note: expanded from here
acoshl
^
In file included from tester6.cpp:4:
In file included from ./../Set/Set.cpp:1:
In file included from ./../Set/Set.hpp:10:
In file included from ./../Set/../rbt/rbt.cpp:2:
In file included from ./../Set/../rbt/../Queue/Queue.hpp:4:
In file included from ./../Set/../rbt/../Queue/../DeQue/Deque.cpp:1:
In file included from ./../Set/../rbt/../Queue/../DeQue/Deque.hpp:8:
In file included from ./../Set/../rbt/../Queue/../DeQue/DequeIterator.hpp:5:
In file included from ./../Set/../rbt/../Queue/../DeQue/../Vector/Vector.cpp:3:
/usr/bin/../lib/gcc/x86_64-linux-gnu/9/../../../../include/c++/9/cmath:1073:9: error: no member named 'asinh' in the global namespace; did you mean '::ft::asinh'?
  using ::asinh;
        ^~
/usr/include/x86_64-linux-gnu/bits/mathcalls.h:87:13: note: '::ft::asinh' declared here
__MATHCALL (asinh,, (_Mdouble_ __x));
            ^
In file included from tester6.cpp:4:
In file included from ./../Set/Set.cpp:1:
In file included from ./../Set/Set.hpp:10:
In file included from ./../Set/../rbt/rbt.cpp:2:
In file included from ./../Set/../rbt/../Queue/Queue.hpp:4:
In file included from ./../Set/../rbt/../Queue/../DeQue/Deque.cpp:1:
In file included from ./../Set/../rbt/../Queue/../DeQue/Deque.hpp:8:
In file included from ./../Set/../rbt/../Queue/../DeQue/DequeIterator.hpp:5:
In file included from ./../Set/../rbt/../Queue/../DeQue/../Vector/Vector.cpp:3:
/usr/bin/../lib/gcc/x86_64-linux-gnu/9/../../../../include/c++/9/cmath:1074:9: error: no member named 'asinhf' in the global namespace; did you mean '::ft::asinhf'?
  using ::asinhf;
        ^~
/usr/include/x86_64-linux-gnu/bits/mathcalls.h:87:1: note: '::ft::asinhf' declared here
__MATHCALL (asinh,, (_Mdouble_ __x));
^
/usr/include/math.h:273:3: note: expanded from macro '__MATHCALL'
  __MATHDECL (_Mdouble_,function,suffix, args)
  ^
/usr/include/math.h:275:3: note: expanded from macro '__MATHDECL'
  __MATHDECL_1(type, function,suffix, args); \
  ^
/usr/include/math.h:283:15: note: expanded from macro '__MATHDECL_1'
  extern type __MATH_PRECNAME(function,suffix) args __THROW
              ^
/usr/include/math.h:303:34: note: expanded from macro '__MATH_PRECNAME'
# define __MATH_PRECNAME(name,r) name##f##r
                                 ^
<scratch space>:416:1: note: expanded from here
asinhf
^
In file included from tester6.cpp:4:
In file included from ./../Set/Set.cpp:1:
In file included from ./../Set/Set.hpp:10:
In file included from ./../Set/../rbt/rbt.cpp:2:
In file included from ./../Set/../rbt/../Queue/Queue.hpp:4:
In file included from ./../Set/../rbt/../Queue/../DeQue/Deque.cpp:1:
In file included from ./../Set/../rbt/../Queue/../DeQue/Deque.hpp:8:
In file included from ./../Set/../rbt/../Queue/../DeQue/DequeIterator.hpp:5:
In file included from ./../Set/../rbt/../Queue/../DeQue/../Vector/Vector.cpp:3:
/usr/bin/../lib/gcc/x86_64-linux-gnu/9/../../../../include/c++/9/cmath:1075:9: error: no member named 'asinhl' in the global namespace; did you mean '::ft::asinhl'?
  using ::asinhl;
        ^~
/usr/include/x86_64-linux-gnu/bits/mathcalls.h:87:1: note: '::ft::asinhl' declared here
__MATHCALL (asinh,, (_Mdouble_ __x));
^
/usr/include/math.h:273:3: note: expanded from macro '__MATHCALL'
  __MATHDECL (_Mdouble_,function,suffix, args)
  ^
/usr/include/math.h:275:3: note: expanded from macro '__MATHDECL'
  __MATHDECL_1(type, function,suffix, args); \
  ^
/usr/include/math.h:283:15: note: expanded from macro '__MATHDECL_1'
  extern type __MATH_PRECNAME(function,suffix) args __THROW
              ^
/usr/include/math.h:345:35: note: expanded from macro '__MATH_PRECNAME'
#  define __MATH_PRECNAME(name,r) name##l##r
                                  ^
<scratch space>:261:1: note: expanded from here
asinhl
^
In file included from tester6.cpp:4:
In file included from ./../Set/Set.cpp:1:
In file included from ./../Set/Set.hpp:10:
In file included from ./../Set/../rbt/rbt.cpp:2:
In file included from ./../Set/../rbt/../Queue/Queue.hpp:4:
In file included from ./../Set/../rbt/../Queue/../DeQue/Deque.cpp:1:
In file included from ./../Set/../rbt/../Queue/../DeQue/Deque.hpp:8:
In file included from ./../Set/../rbt/../Queue/../DeQue/DequeIterator.hpp:5:
In file included from ./../Set/../rbt/../Queue/../DeQue/../Vector/Vector.cpp:3:
/usr/bin/../lib/gcc/x86_64-linux-gnu/9/../../../../include/c++/9/cmath:1077:9: error: no member named 'atanh' in the global namespace; did you mean '::ft::atanh'?
  using ::atanh;
        ^~
/usr/include/x86_64-linux-gnu/bits/mathcalls.h:89:13: note: '::ft::atanh' declared here
__MATHCALL (atanh,, (_Mdouble_ __x));
            ^
In file included from tester6.cpp:4:
In file included from ./../Set/Set.cpp:1:
In file included from ./../Set/Set.hpp:10:
In file included from ./../Set/../rbt/rbt.cpp:2:
In file included from ./../Set/../rbt/../Queue/Queue.hpp:4:
In file included from ./../Set/../rbt/../Queue/../DeQue/Deque.cpp:1:
In file included from ./../Set/../rbt/../Queue/../DeQue/Deque.hpp:8:
In file included from ./../Set/../rbt/../Queue/../DeQue/DequeIterator.hpp:5:
In file included from ./../Set/../rbt/../Queue/../DeQue/../Vector/Vector.cpp:3:
/usr/bin/../lib/gcc/x86_64-linux-gnu/9/../../../../include/c++/9/cmath:1078:9: error: no member named 'atanhf' in the global namespace; did you mean '::ft::atanhf'?
  using ::atanhf;
        ^~
/usr/include/x86_64-linux-gnu/bits/mathcalls.h:89:1: note: '::ft::atanhf' declared here
__MATHCALL (atanh,, (_Mdouble_ __x));
^
/usr/include/math.h:273:3: note: expanded from macro '__MATHCALL'
  __MATHDECL (_Mdouble_,function,suffix, args)
  ^
/usr/include/math.h:275:3: note: expanded from macro '__MATHDECL'
  __MATHDECL_1(type, function,suffix, args); \
  ^
/usr/include/math.h:283:15: note: expanded from macro '__MATHDECL_1'
  extern type __MATH_PRECNAME(function,suffix) args __THROW
              ^
/usr/include/math.h:303:34: note: expanded from macro '__MATH_PRECNAME'
# define __MATH_PRECNAME(name,r) name##f##r
                                 ^
<scratch space>:419:1: note: expanded from here
atanhf
^
In file included from tester6.cpp:4:
In file included from ./../Set/Set.cpp:1:
In file included from ./../Set/Set.hpp:10:
In file included from ./../Set/../rbt/rbt.cpp:2:
In file included from ./../Set/../rbt/../Queue/Queue.hpp:4:
In file included from ./../Set/../rbt/../Queue/../DeQue/Deque.cpp:1:
In file included from ./../Set/../rbt/../Queue/../DeQue/Deque.hpp:8:
In file included from ./../Set/../rbt/../Queue/../DeQue/DequeIterator.hpp:5:
In file included from ./../Set/../rbt/../Queue/../DeQue/../Vector/Vector.cpp:3:
/usr/bin/../lib/gcc/x86_64-linux-gnu/9/../../../../include/c++/9/cmath:1079:9: error: no member named 'atanhl' in the global namespace; did you mean '::ft::atanhl'?
  using ::atanhl;
        ^~
/usr/include/x86_64-linux-gnu/bits/mathcalls.h:89:1: note: '::ft::atanhl' declared here
__MATHCALL (atanh,, (_Mdouble_ __x));
^
/usr/include/math.h:273:3: note: expanded from macro '__MATHCALL'
  __MATHDECL (_Mdouble_,function,suffix, args)
  ^
/usr/include/math.h:275:3: note: expanded from macro '__MATHDECL'
  __MATHDECL_1(type, function,suffix, args); \
  ^
/usr/include/math.h:283:15: note: expanded from macro '__MATHDECL_1'
  extern type __MATH_PRECNAME(function,suffix) args __THROW
              ^
/usr/include/math.h:345:35: note: expanded from macro '__MATH_PRECNAME'
#  define __MATH_PRECNAME(name,r) name##l##r
                                  ^
<scratch space>:264:1: note: expanded from here
atanhl
^
In file included from tester6.cpp:4:
In file included from ./../Set/Set.cpp:1:
In file included from ./../Set/Set.hpp:10:
In file included from ./../Set/../rbt/rbt.cpp:2:
In file included from ./../Set/../rbt/../Queue/Queue.hpp:4:
In file included from ./../Set/../rbt/../Queue/../DeQue/Deque.cpp:1:
In file included from ./../Set/../rbt/../Queue/../DeQue/Deque.hpp:8:
In file included from ./../Set/../rbt/../Queue/../DeQue/DequeIterator.hpp:5:
In file included from ./../Set/../rbt/../Queue/../DeQue/../Vector/Vector.cpp:3:
/usr/bin/../lib/gcc/x86_64-linux-gnu/9/../../../../include/c++/9/cmath:1081:9: error: no member named 'cbrt' in the global namespace; did you mean '::ft::cbrt'?
  using ::cbrt;
        ^~
/usr/include/x86_64-linux-gnu/bits/mathcalls.h:152:13: note: '::ft::cbrt' declared here
__MATHCALL (cbrt,, (_Mdouble_ __x));
            ^
In file included from tester6.cpp:4:
In file included from ./../Set/Set.cpp:1:
In file included from ./../Set/Set.hpp:10:
In file included from ./../Set/../rbt/rbt.cpp:2:
In file included from ./../Set/../rbt/../Queue/Queue.hpp:4:
In file included from ./../Set/../rbt/../Queue/../DeQue/Deque.cpp:1:
In file included from ./../Set/../rbt/../Queue/../DeQue/Deque.hpp:8:
In file included from ./../Set/../rbt/../Queue/../DeQue/DequeIterator.hpp:5:
In file included from ./../Set/../rbt/../Queue/../DeQue/../Vector/Vector.cpp:3:
/usr/bin/../lib/gcc/x86_64-linux-gnu/9/../../../../include/c++/9/cmath:1082:9: error: no member named 'cbrtf' in the global namespace; did you mean '::ft::cbrtf'?
  using ::cbrtf;
        ^~
/usr/include/x86_64-linux-gnu/bits/mathcalls.h:152:1: note: '::ft::cbrtf' declared here
__MATHCALL (cbrt,, (_Mdouble_ __x));
^
/usr/include/math.h:273:3: note: expanded from macro '__MATHCALL'
  __MATHDECL (_Mdouble_,function,suffix, args)
  ^
/usr/include/math.h:275:3: note: expanded from macro '__MATHDECL'
  __MATHDECL_1(type, function,suffix, args); \
  ^
/usr/include/math.h:283:15: note: expanded from macro '__MATHDECL_1'
  extern type __MATH_PRECNAME(function,suffix) args __THROW
              ^
/usr/include/math.h:303:34: note: expanded from macro '__MATH_PRECNAME'
# define __MATH_PRECNAME(name,r) name##f##r
                                 ^
<scratch space>:42:1: note: expanded from here
cbrtf
^
In file included from tester6.cpp:4:
In file included from ./../Set/Set.cpp:1:
In file included from ./../Set/Set.hpp:10:
In file included from ./../Set/../rbt/rbt.cpp:2:
In file included from ./../Set/../rbt/../Queue/Queue.hpp:4:
In file included from ./../Set/../rbt/../Queue/../DeQue/Deque.cpp:1:
In file included from ./../Set/../rbt/../Queue/../DeQue/Deque.hpp:8:
In file included from ./../Set/../rbt/../Queue/../DeQue/DequeIterator.hpp:5:
In file included from ./../Set/../rbt/../Queue/../DeQue/../Vector/Vector.cpp:3:
/usr/bin/../lib/gcc/x86_64-linux-gnu/9/../../../../include/c++/9/cmath:1083:9: error: no member named 'cbrtl' in the global namespace; did you mean '::ft::cbrtl'?
  using ::cbrtl;
        ^~
/usr/include/x86_64-linux-gnu/bits/mathcalls.h:152:1: note: '::ft::cbrtl' declared here
__MATHCALL (cbrt,, (_Mdouble_ __x));
^
/usr/include/math.h:273:3: note: expanded from macro '__MATHCALL'
  __MATHDECL (_Mdouble_,function,suffix, args)
  ^
/usr/include/math.h:275:3: note: expanded from macro '__MATHDECL'
  __MATHDECL_1(type, function,suffix, args); \
  ^
/usr/include/math.h:283:15: note: expanded from macro '__MATHDECL_1'
  extern type __MATH_PRECNAME(function,suffix) args __THROW
              ^
/usr/include/math.h:345:35: note: expanded from macro '__MATH_PRECNAME'
#  define __MATH_PRECNAME(name,r) name##l##r
                                  ^
<scratch space>:319:1: note: expanded from here
cbrtl
^
In file included from tester6.cpp:4:
In file included from ./../Set/Set.cpp:1:
In file included from ./../Set/Set.hpp:10:
In file included from ./../Set/../rbt/rbt.cpp:2:
In file included from ./../Set/../rbt/../Queue/Queue.hpp:4:
In file included from ./../Set/../rbt/../Queue/../DeQue/Deque.cpp:1:
In file included from ./../Set/../rbt/../Queue/../DeQue/Deque.hpp:8:
In file included from ./../Set/../rbt/../Queue/../DeQue/DequeIterator.hpp:5:
In file included from ./../Set/../rbt/../Queue/../DeQue/../Vector/Vector.cpp:3:
/usr/bin/../lib/gcc/x86_64-linux-gnu/9/../../../../include/c++/9/cmath:1085:9: error: no member named 'copysign' in the global namespace; did you mean '::ft::copysign'?
  using ::copysign;
        ^~
/usr/include/x86_64-linux-gnu/bits/mathcalls.h:196:14: note: '::ft::copysign' declared here
__MATHCALLX (copysign,, (_Mdouble_ __x, _Mdouble_ __y), (__const__));
             ^
In file included from tester6.cpp:4:
In file included from ./../Set/Set.cpp:1:
In file included from ./../Set/Set.hpp:10:
In file included from ./../Set/../rbt/rbt.cpp:2:
In file included from ./../Set/../rbt/../Queue/Queue.hpp:4:
In file included from ./../Set/../rbt/../Queue/../DeQue/Deque.cpp:1:
In file included from ./../Set/../rbt/../Queue/../DeQue/Deque.hpp:8:
In file included from ./../Set/../rbt/../Queue/../DeQue/DequeIterator.hpp:5:
In file included from ./../Set/../rbt/../Queue/../DeQue/../Vector/Vector.cpp:3:
/usr/bin/../lib/gcc/x86_64-linux-gnu/9/../../../../include/c++/9/cmath:1086:9: error: no member named 'copysignf' in the global namespace; did you mean '::ft::copysignf'?
  using ::copysignf;
        ^~
/usr/include/x86_64-linux-gnu/bits/mathcalls.h:196:1: note: '::ft::copysignf' declared here
__MATHCALLX (copysign,, (_Mdouble_ __x, _Mdouble_ __y), (__const__));
^
/usr/include/math.h:278:3: note: expanded from macro '__MATHCALLX'
  __MATHDECLX (_Mdouble_,function,suffix, args, attrib)
  ^
/usr/include/math.h:280:3: note: expanded from macro '__MATHDECLX'
  __MATHDECL_1(type, function,suffix, args) __attribute__ (attrib); \
  ^
/usr/include/math.h:283:15: note: expanded from macro '__MATHDECL_1'
  extern type __MATH_PRECNAME(function,suffix) args __THROW
              ^
/usr/include/math.h:303:34: note: expanded from macro '__MATH_PRECNAME'
# define __MATH_PRECNAME(name,r) name##f##r
                                 ^
<scratch space>:65:1: note: expanded from here
copysignf
^
In file included from tester6.cpp:4:
In file included from ./../Set/Set.cpp:1:
In file included from ./../Set/Set.hpp:10:
In file included from ./../Set/../rbt/rbt.cpp:2:
In file included from ./../Set/../rbt/../Queue/Queue.hpp:4:
In file included from ./../Set/../rbt/../Queue/../DeQue/Deque.cpp:1:
In file included from ./../Set/../rbt/../Queue/../DeQue/Deque.hpp:8:
In file included from ./../Set/../rbt/../Queue/../DeQue/DequeIterator.hpp:5:
In file included from ./../Set/../rbt/../Queue/../DeQue/../Vector/Vector.cpp:3:
/usr/bin/../lib/gcc/x86_64-linux-gnu/9/../../../../include/c++/9/cmath:1087:11: error: no member named 'copysignl' in the global namespace
  using ::copysignl;
        ~~^
/usr/bin/../lib/gcc/x86_64-linux-gnu/9/../../../../include/c++/9/cmath:1089:11: error: no member named 'erf' in the global namespace
  using ::erf;
        ~~^
/usr/bin/../lib/gcc/x86_64-linux-gnu/9/../../../../include/c++/9/cmath:1090:11: error: no member named 'erff' in the global namespace
  using ::erff;
        ~~^
/usr/bin/../lib/gcc/x86_64-linux-gnu/9/../../../../include/c++/9/cmath:1091:11: error: no member named 'erfl' in the global namespace
  using ::erfl;
        ~~^
/usr/bin/../lib/gcc/x86_64-linux-gnu/9/../../../../include/c++/9/cmath:1093:11: error: no member named 'erfc' in the global namespace
  using ::erfc;
        ~~^
/usr/bin/../lib/gcc/x86_64-linux-gnu/9/../../../../include/c++/9/cmath:1094:11: error: no member named 'erfcf' in the global namespace
  using ::erfcf;
        ~~^
/usr/bin/../lib/gcc/x86_64-linux-gnu/9/../../../../include/c++/9/cmath:1095:11: error: no member named 'erfcl' in the global namespace
  using ::erfcl;
        ~~^
/usr/bin/../lib/gcc/x86_64-linux-gnu/9/../../../../include/c++/9/cmath:1097:11: error: no member named 'exp2' in the global namespace
  using ::exp2;
        ~~^
/usr/bin/../lib/gcc/x86_64-linux-gnu/9/../../../../include/c++/9/cmath:1098:11: error: no member named 'exp2f' in the global namespace
  using ::exp2f;
        ~~^
/usr/bin/../lib/gcc/x86_64-linux-gnu/9/../../../../include/c++/9/cmath:1099:11: error: no member named 'exp2l' in the global namespace
  using ::exp2l;
        ~~^
/usr/bin/../lib/gcc/x86_64-linux-gnu/9/../../../../include/c++/9/cmath:1101:11: error: no member named 'expm1' in the global namespace
  using ::expm1;
        ~~^
/usr/bin/../lib/gcc/x86_64-linux-gnu/9/../../../../include/c++/9/cmath:1102:11: error: no member named 'expm1f' in the global namespace
  using ::expm1f;
        ~~^
/usr/bin/../lib/gcc/x86_64-linux-gnu/9/../../../../include/c++/9/cmath:1103:11: error: no member named 'expm1l' in the global namespace
  using ::expm1l;
        ~~^
/usr/bin/../lib/gcc/x86_64-linux-gnu/9/../../../../include/c++/9/cmath:1105:11: error: no member named 'fdim' in the global namespace
  using ::fdim;
        ~~^
/usr/bin/../lib/gcc/x86_64-linux-gnu/9/../../../../include/c++/9/cmath:1106:11: error: no member named 'fdimf' in the global namespace
  using ::fdimf;
        ~~^
/usr/bin/../lib/gcc/x86_64-linux-gnu/9/../../../../include/c++/9/cmath:1107:11: error: no member named 'fdiml' in the global namespace
  using ::fdiml;
        ~~^
/usr/bin/../lib/gcc/x86_64-linux-gnu/9/../../../../include/c++/9/cmath:1109:11: error: no member named 'fma' in the global namespace
  using ::fma;
        ~~^
/usr/bin/../lib/gcc/x86_64-linux-gnu/9/../../../../include/c++/9/cmath:1110:11: error: no member named 'fmaf' in the global namespace
  using ::fmaf;
        ~~^
/usr/bin/../lib/gcc/x86_64-linux-gnu/9/../../../../include/c++/9/cmath:1111:11: error: no member named 'fmal' in the global namespace
  using ::fmal;
        ~~^
/usr/bin/../lib/gcc/x86_64-linux-gnu/9/../../../../include/c++/9/cmath:1113:11: error: no member named 'fmax' in the global namespace
  using ::fmax;
        ~~^
/usr/bin/../lib/gcc/x86_64-linux-gnu/9/../../../../include/c++/9/cmath:1114:11: error: no member named 'fmaxf' in the global namespace
  using ::fmaxf;
        ~~^
/usr/bin/../lib/gcc/x86_64-linux-gnu/9/../../../../include/c++/9/cmath:1115:11: error: no member named 'fmaxl' in the global namespace
  using ::fmaxl;
        ~~^
/usr/bin/../lib/gcc/x86_64-linux-gnu/9/../../../../include/c++/9/cmath:1117:11: error: no member named 'fmin' in the global namespace
  using ::fmin;
        ~~^
/usr/bin/../lib/gcc/x86_64-linux-gnu/9/../../../../include/c++/9/cmath:1118:11: error: no member named 'fminf' in the global namespace
  using ::fminf;
        ~~^
/usr/bin/../lib/gcc/x86_64-linux-gnu/9/../../../../include/c++/9/cmath:1119:11: error: no member named 'fminl' in the global namespace
  using ::fminl;
        ~~^
/usr/bin/../lib/gcc/x86_64-linux-gnu/9/../../../../include/c++/9/cmath:1121:11: error: no member named 'hypot' in the global namespace
  using ::hypot;
        ~~^
/usr/bin/../lib/gcc/x86_64-linux-gnu/9/../../../../include/c++/9/cmath:1122:11: error: no member named 'hypotf' in the global namespace
  using ::hypotf;
        ~~^
/usr/bin/../lib/gcc/x86_64-linux-gnu/9/../../../../include/c++/9/cmath:1123:11: error: no member named 'hypotl' in the global namespace
  using ::hypotl;
        ~~^
/usr/bin/../lib/gcc/x86_64-linux-gnu/9/../../../../include/c++/9/cmath:1125:11: error: no member named 'ilogb' in the global namespace
  using ::ilogb;
        ~~^
/usr/bin/../lib/gcc/x86_64-linux-gnu/9/../../../../include/c++/9/cmath:1126:11: error: no member named 'ilogbf' in the global namespace
  using ::ilogbf;
        ~~^
/usr/bin/../lib/gcc/x86_64-linux-gnu/9/../../../../include/c++/9/cmath:1127:11: error: no member named 'ilogbl' in the global namespace
  using ::ilogbl;
        ~~^
/usr/bin/../lib/gcc/x86_64-linux-gnu/9/../../../../include/c++/9/cmath:1129:11: error: no member named 'lgamma' in the global namespace
  using ::lgamma;
        ~~^
/usr/bin/../lib/gcc/x86_64-linux-gnu/9/../../../../include/c++/9/cmath:1130:11: error: no member named 'lgammaf' in the global namespace
  using ::lgammaf;
        ~~^
/usr/bin/../lib/gcc/x86_64-linux-gnu/9/../../../../include/c++/9/cmath:1131:11: error: no member named 'lgammal' in the global namespace
  using ::lgammal;
        ~~^
/usr/bin/../lib/gcc/x86_64-linux-gnu/9/../../../../include/c++/9/cmath:1134:11: error: no member named 'llrint' in the global namespace
  using ::llrint;
        ~~^
/usr/bin/../lib/gcc/x86_64-linux-gnu/9/../../../../include/c++/9/cmath:1135:11: error: no member named 'llrintf' in the global namespace
  using ::llrintf;
        ~~^
/usr/bin/../lib/gcc/x86_64-linux-gnu/9/../../../../include/c++/9/cmath:1136:11: error: no member named 'llrintl' in the global namespace
  using ::llrintl;
        ~~^
/usr/bin/../lib/gcc/x86_64-linux-gnu/9/../../../../include/c++/9/cmath:1138:11: error: no member named 'llround' in the global namespace
  using ::llround;
        ~~^
/usr/bin/../lib/gcc/x86_64-linux-gnu/9/../../../../include/c++/9/cmath:1139:11: error: no member named 'llroundf' in the global namespace
  using ::llroundf;
        ~~^
/usr/bin/../lib/gcc/x86_64-linux-gnu/9/../../../../include/c++/9/cmath:1140:11: error: no member named 'llroundl' in the global namespace
  using ::llroundl;
        ~~^
/usr/bin/../lib/gcc/x86_64-linux-gnu/9/../../../../include/c++/9/cmath:1143:11: error: no member named 'log1p' in the global namespace
  using ::log1p;
        ~~^
/usr/bin/../lib/gcc/x86_64-linux-gnu/9/../../../../include/c++/9/cmath:1144:11: error: no member named 'log1pf' in the global namespace
  using ::log1pf;
        ~~^
/usr/bin/../lib/gcc/x86_64-linux-gnu/9/../../../../include/c++/9/cmath:1145:11: error: no member named 'log1pl' in the global namespace
  using ::log1pl;
        ~~^
/usr/bin/../lib/gcc/x86_64-linux-gnu/9/../../../../include/c++/9/cmath:1147:11: error: no member named 'log2' in the global namespace
  using ::log2;
        ~~^
/usr/bin/../lib/gcc/x86_64-linux-gnu/9/../../../../include/c++/9/cmath:1148:11: error: no member named 'log2f' in the global namespace
  using ::log2f;
        ~~^
/usr/bin/../lib/gcc/x86_64-linux-gnu/9/../../../../include/c++/9/cmath:1149:11: error: no member named 'log2l' in the global namespace
  using ::log2l;
        ~~^
/usr/bin/../lib/gcc/x86_64-linux-gnu/9/../../../../include/c++/9/cmath:1151:11: error: no member named 'logb' in the global namespace
  using ::logb;
        ~~^
/usr/bin/../lib/gcc/x86_64-linux-gnu/9/../../../../include/c++/9/cmath:1152:11: error: no member named 'logbf' in the global namespace
  using ::logbf;
        ~~^
/usr/bin/../lib/gcc/x86_64-linux-gnu/9/../../../../include/c++/9/cmath:1153:11: error: no member named 'logbl' in the global namespace
  using ::logbl;
        ~~^
/usr/bin/../lib/gcc/x86_64-linux-gnu/9/../../../../include/c++/9/cmath:1155:11: error: no member named 'lrint' in the global namespace
  using ::lrint;
        ~~^
/usr/bin/../lib/gcc/x86_64-linux-gnu/9/../../../../include/c++/9/cmath:1156:11: error: no member named 'lrintf' in the global namespace
  using ::lrintf;
        ~~^
/usr/bin/../lib/gcc/x86_64-linux-gnu/9/../../../../include/c++/9/cmath:1157:11: error: no member named 'lrintl' in the global namespace
  using ::lrintl;
        ~~^
/usr/bin/../lib/gcc/x86_64-linux-gnu/9/../../../../include/c++/9/cmath:1159:11: error: no member named 'lround' in the global namespace
  using ::lround;
        ~~^
/usr/bin/../lib/gcc/x86_64-linux-gnu/9/../../../../include/c++/9/cmath:1160:11: error: no member named 'lroundf' in the global namespace
  using ::lroundf;
        ~~^
/usr/bin/../lib/gcc/x86_64-linux-gnu/9/../../../../include/c++/9/cmath:1161:11: error: no member named 'lroundl' in the global namespace
  using ::lroundl;
        ~~^
/usr/bin/../lib/gcc/x86_64-linux-gnu/9/../../../../include/c++/9/cmath:1163:11: error: no member named 'nan' in the global namespace
  using ::nan;
        ~~^
/usr/bin/../lib/gcc/x86_64-linux-gnu/9/../../../../include/c++/9/cmath:1164:11: error: no member named 'nanf' in the global namespace
  using ::nanf;
        ~~^
/usr/bin/../lib/gcc/x86_64-linux-gnu/9/../../../../include/c++/9/cmath:1165:11: error: no member named 'nanl' in the global namespace
  using ::nanl;
        ~~^
/usr/bin/../lib/gcc/x86_64-linux-gnu/9/../../../../include/c++/9/cmath:1167:11: error: no member named 'nearbyint' in the global namespace
  using ::nearbyint;
        ~~^
/usr/bin/../lib/gcc/x86_64-linux-gnu/9/../../../../include/c++/9/cmath:1168:11: error: no member named 'nearbyintf' in the global namespace
  using ::nearbyintf;
        ~~^
/usr/bin/../lib/gcc/x86_64-linux-gnu/9/../../../../include/c++/9/cmath:1169:11: error: no member named 'nearbyintl' in the global namespace
  using ::nearbyintl;
        ~~^
/usr/bin/../lib/gcc/x86_64-linux-gnu/9/../../../../include/c++/9/cmath:1171:11: error: no member named 'nextafter' in the global namespace
  using ::nextafter;
        ~~^
/usr/bin/../lib/gcc/x86_64-linux-gnu/9/../../../../include/c++/9/cmath:1172:11: error: no member named 'nextafterf' in the global namespace
  using ::nextafterf;
        ~~^
/usr/bin/../lib/gcc/x86_64-linux-gnu/9/../../../../include/c++/9/cmath:1173:11: error: no member named 'nextafterl' in the global namespace
  using ::nextafterl;
        ~~^
/usr/bin/../lib/gcc/x86_64-linux-gnu/9/../../../../include/c++/9/cmath:1175:11: error: no member named 'nexttoward' in the global namespace
  using ::nexttoward;
        ~~^
/usr/bin/../lib/gcc/x86_64-linux-gnu/9/../../../../include/c++/9/cmath:1176:11: error: no member named 'nexttowardf' in the global namespace
  using ::nexttowardf;
        ~~^
/usr/bin/../lib/gcc/x86_64-linux-gnu/9/../../../../include/c++/9/cmath:1177:11: error: no member named 'nexttowardl' in the global namespace
  using ::nexttowardl;
        ~~^
/usr/bin/../lib/gcc/x86_64-linux-gnu/9/../../../../include/c++/9/cmath:1179:11: error: no member named 'remainder' in the global namespace
  using ::remainder;
        ~~^
/usr/bin/../lib/gcc/x86_64-linux-gnu/9/../../../../include/c++/9/cmath:1180:11: error: no member named 'remainderf' in the global namespace
  using ::remainderf;
        ~~^
/usr/bin/../lib/gcc/x86_64-linux-gnu/9/../../../../include/c++/9/cmath:1181:11: error: no member named 'remainderl' in the global namespace
  using ::remainderl;
        ~~^
/usr/bin/../lib/gcc/x86_64-linux-gnu/9/../../../../include/c++/9/cmath:1183:11: error: no member named 'remquo' in the global namespace
  using ::remquo;
        ~~^
/usr/bin/../lib/gcc/x86_64-linux-gnu/9/../../../../include/c++/9/cmath:1184:11: error: no member named 'remquof' in the global namespace
  using ::remquof;
        ~~^
/usr/bin/../lib/gcc/x86_64-linux-gnu/9/../../../../include/c++/9/cmath:1185:11: error: no member named 'remquol' in the global namespace
  using ::remquol;
        ~~^
/usr/bin/../lib/gcc/x86_64-linux-gnu/9/../../../../include/c++/9/cmath:1187:11: error: no member named 'rint' in the global namespace
  using ::rint;
        ~~^
/usr/bin/../lib/gcc/x86_64-linux-gnu/9/../../../../include/c++/9/cmath:1188:11: error: no member named 'rintf' in the global namespace
  using ::rintf;
        ~~^
/usr/bin/../lib/gcc/x86_64-linux-gnu/9/../../../../include/c++/9/cmath:1189:11: error: no member named 'rintl' in the global namespace
  using ::rintl;
        ~~^
/usr/bin/../lib/gcc/x86_64-linux-gnu/9/../../../../include/c++/9/cmath:1191:11: error: no member named 'round' in the global namespace
  using ::round;
        ~~^
/usr/bin/../lib/gcc/x86_64-linux-gnu/9/../../../../include/c++/9/cmath:1192:11: error: no member named 'roundf' in the global namespace
  using ::roundf;
        ~~^
/usr/bin/../lib/gcc/x86_64-linux-gnu/9/../../../../include/c++/9/cmath:1193:11: error: no member named 'roundl' in the global namespace
  using ::roundl;
        ~~^
/usr/bin/../lib/gcc/x86_64-linux-gnu/9/../../../../include/c++/9/cmath:1195:11: error: no member named 'scalbln' in the global namespace
  using ::scalbln;
        ~~^
/usr/bin/../lib/gcc/x86_64-linux-gnu/9/../../../../include/c++/9/cmath:1196:11: error: no member named 'scalblnf' in the global namespace
  using ::scalblnf;
        ~~^
/usr/bin/../lib/gcc/x86_64-linux-gnu/9/../../../../include/c++/9/cmath:1197:11: error: no member named 'scalblnl' in the global namespace
  using ::scalblnl;
        ~~^
/usr/bin/../lib/gcc/x86_64-linux-gnu/9/../../../../include/c++/9/cmath:1199:11: error: no member named 'scalbn' in the global namespace
  using ::scalbn;
        ~~^
/usr/bin/../lib/gcc/x86_64-linux-gnu/9/../../../../include/c++/9/cmath:1200:11: error: no member named 'scalbnf' in the global namespace
  using ::scalbnf;
        ~~^
/usr/bin/../lib/gcc/x86_64-linux-gnu/9/../../../../include/c++/9/cmath:1201:11: error: no member named 'scalbnl' in the global namespace
  using ::scalbnl;
        ~~^
/usr/bin/../lib/gcc/x86_64-linux-gnu/9/../../../../include/c++/9/cmath:1203:11: error: no member named 'tgamma' in the global namespace
  using ::tgamma;
        ~~^
/usr/bin/../lib/gcc/x86_64-linux-gnu/9/../../../../include/c++/9/cmath:1204:11: error: no member named 'tgammaf' in the global namespace
  using ::tgammaf;
        ~~^
/usr/bin/../lib/gcc/x86_64-linux-gnu/9/../../../../include/c++/9/cmath:1205:11: error: no member named 'tgammal' in the global namespace
  using ::tgammal;
        ~~^
/usr/bin/../lib/gcc/x86_64-linux-gnu/9/../../../../include/c++/9/cmath:1207:11: error: no member named 'trunc' in the global namespace
  using ::trunc;
        ~~^
/usr/bin/../lib/gcc/x86_64-linux-gnu/9/../../../../include/c++/9/cmath:1208:11: error: no member named 'truncf' in the global namespace
  using ::truncf;
        ~~^
/usr/bin/../lib/gcc/x86_64-linux-gnu/9/../../../../include/c++/9/cmath:1209:11: error: no member named 'truncl' in the global namespace
  using ::truncl;
        ~~^
In file included from tester6.cpp:4:
In file included from ./../Set/Set.cpp:1:
In file included from ./../Set/Set.hpp:10:
In file included from ./../Set/../rbt/rbt.cpp:2:
In file included from ./../Set/../rbt/../Queue/Queue.hpp:4:
In file included from ./../Set/../rbt/../Queue/../DeQue/Deque.cpp:1:
In file included from ./../Set/../rbt/../Queue/../DeQue/Deque.hpp:8:
In file included from ./../Set/../rbt/../Queue/../DeQue/DequeIterator.hpp:5:
./../Set/../rbt/../Queue/../DeQue/../Vector/Vector.cpp:30:23: error: no type named '__is_integer' in namespace 'ft::ft'
        typedef typename ft::__is_integer<InputIterator>::__type isInt;
                ~~~~~~~~~~~~~^~~~~~~~~~~~
./../Set/../rbt/../Queue/../DeQue/../Vector/Vector.cpp:30:35: error: expected unqualified-id
        typedef typename ft::__is_integer<InputIterator>::__type isInt;
                                         ^
./../Set/../rbt/../Queue/../DeQue/../Vector/Vector.cpp:31:2: error: unknown type name 'isInt'
        isInt vraiNom;
        ^
./../Set/../rbt/../Queue/../DeQue/../Vector/Vector.cpp:39:72: error: no struct named '__true_type' in namespace 'ft::ft'
void ft::vector<T, Alloc>::_constructor(int n, const T & v, struct ft::__true_type) {
                                                                   ~~~~^
./../Set/../rbt/../Queue/../DeQue/../Vector/Vector.cpp:41:14: error: no member named 'runtime_error' in namespace 'ft::std'
                throw std::runtime_error("ft::vector error : desole, tu t'es trompe, prend pas toute ma ram stp, chrome en a besoin");
                      ~~~~~^
./../Set/../rbt/../Queue/../DeQue/../Vector/Vector.cpp:53:93: error: no struct named '__false_type' in namespace 'ft::ft'
void ft::vector<T, Alloc>::_constructor(InputIterator first, InputIterator last, struct ft::__false_type) {
                                                                                        ~~~~^
In file included from tester6.cpp:4:
In file included from ./../Set/Set.cpp:1:
In file included from ./../Set/Set.hpp:10:
In file included from ./../Set/../rbt/rbt.cpp:2:
In file included from ./../Set/../rbt/../Queue/Queue.hpp:4:
In file included from ./../Set/../rbt/../Queue/../DeQue/Deque.cpp:1:
In file included from ./../Set/../rbt/../Queue/../DeQue/Deque.hpp:8:
./../Set/../rbt/../Queue/../DeQue/DequeIterator.hpp:7:42: error: no template named 'allocator' in namespace 'ft::std'
template <typename T, class Alloc = std::allocator<T> >
                                    ~~~~~^
./../Set/../rbt/../Queue/../DeQue/DequeIterator.hpp:8:35: error: unknown template name 'iterator'
class DequeIterator : public std::iterator<std::input_iterator_tag, T>
                                  ^
./../Set/../rbt/../Queue/../DeQue/DequeIterator.hpp:8:49: error: no member named 'input_iterator_tag' in namespace 'ft::std'
class DequeIterator : public std::iterator<std::input_iterator_tag, T>
                                           ~~~~~^
./../Set/../rbt/../Queue/../DeQue/DequeIterator.hpp:82:42: error: no template named 'allocator' in namespace 'ft::std'
template <typename T, class Alloc = std::allocator<T> >
                                    ~~~~~^
./../Set/../rbt/../Queue/../DeQue/DequeIterator.hpp:83:42: error: unknown template name 'iterator'
class DequeReverseIterator : public std::iterator<std::input_iterator_tag, T>
                                         ^
./../Set/../rbt/../Queue/../DeQue/DequeIterator.hpp:83:56: error: no member named 'input_iterator_tag' in namespace 'ft::std'
class DequeReverseIterator : public std::iterator<std::input_iterator_tag, T>
                                                  ~~~~~^
In file included from tester6.cpp:4:
In file included from ./../Set/Set.cpp:1:
In file included from ./../Set/Set.hpp:10:
In file included from ./../Set/../rbt/rbt.cpp:2:
In file included from ./../Set/../rbt/../Queue/Queue.hpp:4:
In file included from ./../Set/../rbt/../Queue/../DeQue/Deque.cpp:1:
./../Set/../rbt/../Queue/../DeQue/Deque.hpp:13:43: error: no template named 'allocator' in namespace 'ft::std'
        template <typename T, class Alloc = std::allocator<T> >
                                            ~~~~~^
./../Set/../rbt/../Queue/../DeQue/Deque.hpp:21:13: error: too few template arguments for class template 'DequeIterator'
                                typedef DequeIterator<value_type>                                       iterator;
                                        ^
./../Set/../rbt/../Queue/../DeQue/DequeIterator.hpp:8:7: note: template is declared here
class DequeIterator : public std::iterator<std::input_iterator_tag, T>
      ^
In file included from tester6.cpp:4:
In file included from ./../Set/Set.cpp:1:
In file included from ./../Set/Set.hpp:10:
In file included from ./../Set/../rbt/rbt.cpp:2:
In file included from ./../Set/../rbt/../Queue/Queue.hpp:4:
In file included from ./../Set/../rbt/../Queue/../DeQue/Deque.cpp:1:
./../Set/../rbt/../Queue/../DeQue/Deque.hpp:23:19: error: too few template arguments for class template 'DequeIterator'
                                typedef const DequeIterator<value_type>                         const_iterator;
                                              ^
./../Set/../rbt/../Queue/../DeQue/DequeIterator.hpp:8:7: note: template is declared here
class DequeIterator : public std::iterator<std::input_iterator_tag, T>
      ^
In file included from tester6.cpp:4:
In file included from ./../Set/Set.cpp:1:
In file included from ./../Set/Set.hpp:10:
In file included from ./../Set/../rbt/rbt.cpp:2:
In file included from ./../Set/../rbt/../Queue/Queue.hpp:4:
In file included from ./../Set/../rbt/../Queue/../DeQue/Deque.cpp:1:
./../Set/../rbt/../Queue/../DeQue/Deque.hpp:24:13: error: too few template arguments for class template 'DequeReverseIterator'
                                typedef DequeReverseIterator<value_type>                        reverse_iterator;
                                        ^
./../Set/../rbt/../Queue/../DeQue/DequeIterator.hpp:83:7: note: template is declared here
class DequeReverseIterator : public std::iterator<std::input_iterator_tag, T>
      ^
In file included from tester6.cpp:4:
In file included from ./../Set/Set.cpp:1:
In file included from ./../Set/Set.hpp:10:
In file included from ./../Set/../rbt/rbt.cpp:2:
In file included from ./../Set/../rbt/../Queue/Queue.hpp:4:
In file included from ./../Set/../rbt/../Queue/../DeQue/Deque.cpp:1:
./../Set/../rbt/../Queue/../DeQue/Deque.hpp:25:19: error: too few template arguments for class template 'DequeReverseIterator'
                                typedef const DequeReverseIterator<value_type>          const_reverse_iterator;
                                              ^
./../Set/../rbt/../Queue/../DeQue/DequeIterator.hpp:83:7: note: template is declared here
class DequeReverseIterator : public std::iterator<std::input_iterator_tag, T>
      ^
In file included from tester6.cpp:4:
In file included from ./../Set/Set.cpp:1:
In file included from ./../Set/Set.hpp:10:
In file included from ./../Set/../rbt/rbt.cpp:2:
In file included from ./../Set/../rbt/../Queue/Queue.hpp:4:
In file included from ./../Set/../rbt/../Queue/../DeQue/Deque.cpp:1:
./../Set/../rbt/../Queue/../DeQue/Deque.hpp:26:18: error: no type named 'ptrdiff_t' in namespace 'ft::std'
                                typedef std::ptrdiff_t                                                          difference_type;
                                        ~~~~~^
./../Set/../rbt/../Queue/../DeQue/Deque.hpp:67:73: error: no struct named '__false_type' in namespace 'ft::ft'
                                void                            _assign(InputIterator first, InputIterator last, struct ft::__false_type);
                                                                                                                        ~~~~^
./../Set/../rbt/../Queue/../DeQue/Deque.hpp:68:66: error: no struct named '__true_type' in namespace 'ft::ft'
                                void                            _assign(size_type n, const_reference val, struct ft::__true_type);
                                                                                                                 ~~~~^
./../Set/../rbt/../Queue/../DeQue/Deque.hpp:95:75: error: no struct named '__false_type' in namespace 'ft::ft'
                                void _constructor(InputIterator first, InputIterator last, struct ft::__false_type);
                                                                                                  ~~~~^
./../Set/../rbt/../Queue/../DeQue/Deque.hpp:96:54: error: no struct named '__true_type' in namespace 'ft::ft'
                                void _constructor(int n, const T & v, struct ft::__true_type);          
                                                                             ~~~~^
In file included from tester6.cpp:4:
In file included from ./../Set/Set.cpp:1:
In file included from ./../Set/Set.hpp:10:
In file included from ./../Set/../rbt/rbt.cpp:2:
In file included from ./../Set/../rbt/../Queue/Queue.hpp:4:
./../Set/../rbt/../Queue/../DeQue/Deque.cpp:22:23: error: no type named '__is_integer' in namespace 'ft::ft'
        typedef typename ft::__is_integer<InputIterator>::__type isInt;
                ~~~~~~~~~~~~~^~~~~~~~~~~~
./../Set/../rbt/../Queue/../DeQue/Deque.cpp:22:35: error: expected unqualified-id
        typedef typename ft::__is_integer<InputIterator>::__type isInt;
                                         ^
./../Set/../rbt/../Queue/../DeQue/Deque.cpp:23:2: error: unknown type name 'isInt'
        isInt vraiNom;
        ^
./../Set/../rbt/../Queue/../DeQue/Deque.cpp:36:71: error: no struct named '__true_type' in namespace 'ft::ft'
void ft::deque<T, Alloc>::_constructor(int n, const T & v, struct ft::__true_type) {
                                                                  ~~~~^
./../Set/../rbt/../Queue/../DeQue/Deque.cpp:51:92: error: no struct named '__false_type' in namespace 'ft::ft'
void ft::deque<T, Alloc>::_constructor(InputIterator first, InputIterator last, struct ft::__false_type)
                                                                                       ~~~~^
./../Set/../rbt/../Queue/../DeQue/Deque.cpp:277:23: error: no type named '__is_integer' in namespace 'ft::ft'
        typedef typename ft::__is_integer<Unknow>::__type isInt;
                ~~~~~~~~~~~~~^~~~~~~~~~~~
./../Set/../rbt/../Queue/../DeQue/Deque.cpp:277:35: error: expected unqualified-id
        typedef typename ft::__is_integer<Unknow>::__type isInt;
                                         ^
./../Set/../rbt/../Queue/../DeQue/Deque.cpp:278:2: error: unknown type name 'isInt'
        isInt inst;
        ^
./../Set/../rbt/../Queue/../DeQue/Deque.cpp:284:89: error: no struct named '__false_type' in namespace 'ft::ft'
void ft::deque<T, Alloc>::_assign(InputIterator firste, InputIterator laste, struct ft::__false_type)
                                                                                    ~~~~^
./../Set/../rbt/../Queue/../DeQue/Deque.cpp:314:101: error: no struct named '__true_type' in namespace 'ft::ft'
void ft::deque<T, Alloc>::_assign(size_type n, ft::deque<T, Alloc>::const_reference val, struct ft::__true_type)
                                                                                                ~~~~^
In file included from tester6.cpp:4:
In file included from ./../Set/Set.cpp:1:
In file included from ./../Set/Set.hpp:10:
In file included from ./../Set/../rbt/rbt.cpp:2:
./../Set/../rbt/../Queue/Queue.hpp:8:54: error: no member named 'allocator' in namespace 'ft::std'
        template <class T, class Container = deque<T, std:: allocator<T> > >
                                                      ~~~~~ ^
./../Set/../rbt/../Queue/Queue.hpp:8:64: error: 'T' does not refer to a value
        template <class T, class Container = deque<T, std:: allocator<T> > >
                                                                      ^
./../Set/../rbt/../Queue/Queue.hpp:8:18: note: declared here
        template <class T, class Container = deque<T, std:: allocator<T> > >
                        ^
./../Set/../rbt/../Queue/Queue.hpp:8:69: error: expected unqualified-id
        template <class T, class Container = deque<T, std:: allocator<T> > >
                                                                           ^
./../Set/../rbt/../Queue/Queue.hpp:65:25: error: no template named 'queue'
        bool operator!= (const queue<T, Container> & lhs, const queue<T, Container> & rhs) {
                               ^
./../Set/../rbt/../Queue/Queue.hpp:65:58: error: no template named 'queue'
        bool operator!= (const queue<T, Container> & lhs, const queue<T, Container> & rhs) {
                                                                ^
./../Set/../rbt/../Queue/Queue.hpp:69:26: error: no template named 'queue'
                bool operator<= (const queue<T, Container> & lhs, const queue<T, Container> & rhs) {
                                       ^
./../Set/../rbt/../Queue/Queue.hpp:69:59: error: no template named 'queue'
                bool operator<= (const queue<T, Container> & lhs, const queue<T, Container> & rhs) {
                                                                        ^
./../Set/../rbt/../Queue/Queue.hpp:73:26: error: no template named 'queue'
                bool operator>  (const queue<T, Container> & lhs, const queue<T, Container> & rhs) {
                                       ^
./../Set/../rbt/../Queue/Queue.hpp:73:59: error: no template named 'queue'
                bool operator>  (const queue<T, Container> & lhs, const queue<T, Container> & rhs) {
                                                                        ^
./../Set/../rbt/../Queue/Queue.hpp:77:26: error: no template named 'queue'
                bool operator>= (const queue<T, Container> & lhs, const queue<T, Container> & rhs) {
                                       ^
./../Set/../rbt/../Queue/Queue.hpp:77:59: error: no template named 'queue'
                bool operator>= (const queue<T, Container> & lhs, const queue<T, Container> & rhs) {
                                                                        ^
In file included from tester6.cpp:4:
In file included from ./../Set/Set.cpp:1:
In file included from ./../Set/Set.hpp:10:
./../Set/../rbt/rbt.cpp:8:6: error: no member named 'queue' in namespace 'ft::ft'
        ft::queue<Node<T> *> q;
        ~~~~^
./../Set/../rbt/rbt.cpp:8:20: error: expected '(' for function-style cast or type construction
        ft::queue<Node<T> *> q;
                  ~~~~~~~ ^
./../Set/../rbt/rbt.cpp:8:21: error: expected expression
        ft::queue<Node<T> *> q;
                           ^
./../Set/../rbt/rbt.cpp:8:23: error: use of undeclared identifier 'q'
        ft::queue<Node<T> *> q;
                             ^
./../Set/../rbt/rbt.cpp:9:2: error: use of undeclared identifier 'q'
        q.push(_root);
        ^
./../Set/../rbt/rbt.cpp:10:9: error: use of undeclared identifier 'q'
        while(!q.empty())
               ^
./../Set/../rbt/rbt.cpp:12:10: error: use of undeclared identifier 'q'
                node = q.front();
                       ^
./../Set/../rbt/rbt.cpp:13:3: error: use of undeclared identifier 'q'
                q.pop();
                ^
./../Set/../rbt/rbt.cpp:16:9: error: no member named 'cout' in namespace 'ft::std'
                        std::cout<< "left: " << node->left->val << " ->color: " << ((node->left->color == RED) ? "RED" : "BLACK" ) << " ";
                        ~~~~~^
./../Set/../rbt/rbt.cpp:17:4: error: use of undeclared identifier 'q'
                        q.push(node->left);
                        ^
./../Set/../rbt/rbt.cpp:21:9: error: no member named 'cout' in namespace 'ft::std'
                        std::cout<< "right: " <<node->right->val<< " ->color: " <<  ((node->left->color == RED) ? "RED" : "BLACK") << " ";
                        ~~~~~^
./../Set/../rbt/rbt.cpp:22:4: error: use of undeclared identifier 'q'
                        q.push(node->right);
                        ^
./../Set/../rbt/rbt.cpp:24:8: error: no member named 'cout' in namespace 'ft::std'
                std::cout<<std::endl<<std::endl;
                ~~~~~^
./../Set/../rbt/rbt.cpp:24:19: error: no member named 'endl' in namespace 'ft::std'
                std::cout<<std::endl<<std::endl;
                           ~~~~~^
./../Set/../rbt/rbt.cpp:24:30: error: no member named 'endl' in namespace 'ft::std'
                std::cout<<std::endl<<std::endl;
                                      ~~~~~^
./../Set/../rbt/rbt.cpp:128:5: error: no template named 'Node' in namespace 'ft::ft'
ft::Node<T> *ft::rbt<T>::_left_rotation(Node<T> *leaf)
~~~~^
./../Set/../rbt/rbt.cpp:152:5: error: no template named 'Node' in namespace 'ft::ft'
ft::Node<T>* ft::rbt<T>::_right_rotation(Node<T> *leaf)
~~~~^
In file included from tester6.cpp:4:
In file included from ./../Set/Set.cpp:1:
./../Set/Set.hpp:15:22: error: unknown template name 'binary_function'
                struct less : std::binary_function <T,T,bool> {
                                   ^
./../Set/Set.hpp:20:68: error: no template named 'allocator' in namespace 'ft::std'
        template <typename T, class Compare = less<T>, class Alloc = std::allocator<T> >
                                                                     ~~~~~^
./../Set/Set.hpp:20:55: error: template parameter missing a default argument
        template <typename T, class Compare = less<T>, class Alloc = std::allocator<T> >
                                                             ^
./../Set/Set.hpp:20:40: note: previous default template argument defined here
        template <typename T, class Compare = less<T>, class Alloc = std::allocator<T> >
                                              ^
./../Set/Set.hpp:37:18: error: no type named 'ptrdiff_t' in namespace 'ft::std'
                                typedef std::ptrdiff_t                                  difference_type;
                                        ~~~~~^
./../Set/Set.hpp:45:5: error: too few template arguments for class template 'set'
                                set<value_type, Alloc>          &operator=(const set<T, Alloc> &c);
                                ^
./../Set/Set.hpp:21:9: note: template is declared here
                class set
                      ^
./../Set/Set.hpp:45:46: error: too few template arguments for class template 'set'
                                set<value_type, Alloc>          &operator=(const set<T, Alloc> &c);
                                                                                 ^
./../Set/Set.hpp:21:9: note: template is declared here
                class set
                      ^
./../Set/Set.hpp:59:10: error: no template named 'pair' in namespace 'ft::std'
                                std::pair<iterator,bool> insert(const value_type& val);
                                ~~~~~^
./../Set/Set.hpp:79:26: error: too few template arguments for class template 'set'
                bool operator== (const set<T,Alloc>& lhs, const set<T,Alloc>& rhs);
                                       ^
./../Set/Set.hpp:21:9: note: template is declared here
                class set
                      ^
./../Set/Set.hpp:79:51: error: too few template arguments for class template 'set'
                bool operator== (const set<T,Alloc>& lhs, const set<T,Alloc>& rhs);
                                                                ^
./../Set/Set.hpp:21:9: note: template is declared here
                class set
                      ^
./../Set/Set.hpp:81:26: error: too few template arguments for class template 'set'
                bool operator!= (const set<T,Alloc>& lhs, const set<T,Alloc>& rhs);
                                       ^
./../Set/Set.hpp:21:9: note: template is declared here
                class set
                      ^
./../Set/Set.hpp:81:51: error: too few template arguments for class template 'set'
                bool operator!= (const set<T,Alloc>& lhs, const set<T,Alloc>& rhs);
                                                                ^
./../Set/Set.hpp:21:9: note: template is declared here
                class set
                      ^
./../Set/Set.hpp:83:26: error: too few template arguments for class template 'set'
                bool operator>  (const set<T,Alloc>& lhs, const set<T,Alloc>& rhs);
                                       ^
./../Set/Set.hpp:21:9: note: template is declared here
                class set
                      ^
./../Set/Set.hpp:83:51: error: too few template arguments for class template 'set'
                bool operator>  (const set<T,Alloc>& lhs, const set<T,Alloc>& rhs);
                                                                ^
./../Set/Set.hpp:21:9: note: template is declared here
                class set
                      ^
./../Set/Set.hpp:85:26: error: too few template arguments for class template 'set'
                bool operator<  (const set<T,Alloc>& lhs, const set<T,Alloc>& rhs);
                                       ^
./../Set/Set.hpp:21:9: note: template is declared here
                class set
                      ^
./../Set/Set.hpp:85:51: error: too few template arguments for class template 'set'
                bool operator<  (const set<T,Alloc>& lhs, const set<T,Alloc>& rhs);
                                                                ^
./../Set/Set.hpp:21:9: note: template is declared here
                class set
                      ^
./../Set/Set.hpp:87:26: error: too few template arguments for class template 'set'
                bool operator>= (const set<T,Alloc>& lhs, const set<T,Alloc>& rhs);
                                       ^
./../Set/Set.hpp:21:9: note: template is declared here
                class set
                      ^
./../Set/Set.hpp:87:51: error: too few template arguments for class template 'set'
                bool operator>= (const set<T,Alloc>& lhs, const set<T,Alloc>& rhs);
                                                                ^
./../Set/Set.hpp:21:9: note: template is declared here
                class set
                      ^
./../Set/Set.hpp:89:26: error: too few template arguments for class template 'set'
                bool operator<= (const set<T,Alloc>& lhs, const set<T,Alloc>& rhs);
                                       ^
./../Set/Set.hpp:21:9: note: template is declared here
                class set
                      ^
./../Set/Set.hpp:89:51: error: too few template arguments for class template 'set'
                bool operator<= (const set<T,Alloc>& lhs, const set<T,Alloc>& rhs);
                                                                ^
./../Set/Set.hpp:21:9: note: template is declared here
                class set
                      ^
In file included from tester6.cpp:4:
./../Set/Set.cpp:6:89: error: member initializer '_size' does not name a non-static data member or base class
ft::set<T, Compare, Alloc>::set(const key_compare& comp, const allocator_type& alloc) : _size(0) {
                                                                                        ^~~~~~~~
./../Set/Set.cpp:11:70: error: member initializer '_size' does not name a non-static data member or base class
ft::set<T, Compare, Alloc>::set(const ft::set<T,Compare,Alloc>& x) : _size(0) {
                                                                     ^~~~~~~~
./../Set/Set.cpp:17:130: error: member initializer '_size' does not name a non-static data member or base class
ft::set<T, Compare, Alloc>::set(InputIterator first, InputIterator last, const key_compare& comp,const  allocator_type& alloc) : _size(0){
                                                                                                                                 ^~~~~~~~
./../Set/Set.cpp:30:6: error: no template named 'pair' in namespace 'ft::std'
std::pair<typename ft::set<T, Compare, Alloc>::iterator, bool> ft::set<T, Compare, Alloc>::insert(const value_type& val) {
~~~~~^
./../Set/Set.cpp:32:7: error: no member named 'cout' in namespace 'ft::std'
        std::cout << "ivgx|" << _tree.getRoot()->val << std::endl;
        ~~~~~^
./../Set/Set.cpp:32:55: error: no member named 'endl' in namespace 'ft::std'
        std::cout << "ivgx|" << _tree.getRoot()->val << std::endl;
                                                        ~~~~~^
./../Set/Set.cpp:33:7: error: no member named 'pair' in namespace 'ft::std'
        std::pair<iterator, bool> pa;
        ~~~~~^
./../Set/Set.cpp:33:12: error: unexpected type name 'iterator': expected expression
        std::pair<iterator, bool> pa;
                  ^
./../Set/Set.cpp:36:8: error: no member named 'cout' in namespace 'ft::std'
                std::cout << "false " << std::endl;
                ~~~~~^
./../Set/Set.cpp:36:33: error: no member named 'endl' in namespace 'ft::std'
                std::cout << "false " << std::endl;
                                         ~~~~~^
./../Set/Set.cpp:37:3: error: use of undeclared identifier 'pa'
                pa.first = node;
                ^
./../Set/Set.cpp:38:3: error: use of undeclared identifier 'pa'
                pa.second = false;
                ^
./../Set/Set.cpp:41:8: error: no member named 'cout' in namespace 'ft::std'
                std::cout << "true : ";
                ~~~~~^
./../Set/Set.cpp:43:8: error: no member named 'cout' in namespace 'ft::std'
                std::cout << "yoyoy " << std::endl;
                ~~~~~^
./../Set/Set.cpp:43:33: error: no member named 'endl' in namespace 'ft::std'
                std::cout << "yoyoy " << std::endl;
                                         ~~~~~^
./../Set/Set.cpp:45:8: error: no member named 'cout' in namespace 'ft::std'
                std::cout << "node = " << node->val << "|" << _tree.getRoot()->val << std::endl;
                ~~~~~^
./../Set/Set.cpp:45:78: error: no member named 'endl' in namespace 'ft::std'
                std::cout << "node = " << node->val << "|" << _tree.getRoot()->val << std::endl;
                                                                                      ~~~~~^
./../Set/Set.cpp:46:3: error: use of undeclared identifier 'pa'
                pa.first = node;
                ^
./../Set/Set.cpp:47:3: error: use of undeclared identifier 'pa'
                pa.second = true;
                ^
./../Set/Set.cpp:49:9: error: use of undeclared identifier 'pa'
        return pa;
               ^
./../Set/Set.cpp:58:7: error: no member named 'cout' in namespace 'ft::std'
        std::cout << " POPOPOPO " << std::endl;
        ~~~~~^
./../Set/Set.cpp:58:36: error: no member named 'endl' in namespace 'ft::std'
        std::cout << " POPOPOPO " << std::endl;
                                     ~~~~~^
./../Set/Set.cpp:66:8: error: no member named 'cout' in namespace 'ft::std'
                std::cout << "HAHAHAHAHAHA " << std::endl;
                ~~~~~^
./../Set/Set.cpp:66:40: error: no member named 'endl' in namespace 'ft::std'
                std::cout << "HAHAHAHAHAHA " << std::endl;
                                                ~~~~~^
./../Set/Set.cpp:88:75: error: redefinition of '_to_begin' as different kind of symbol
typename ft::set<T, Compare, Alloc>::iterator ft::set<T, Compare, Alloc>::_to_begin(ft::Node<T> *leaf) {
                                                                          ^
./../Set/Set.hpp:71:15: note: previous definition is here
                                iterator                _to_begin(Node<T> *);
                                                        ^
In file included from tester6.cpp:4:
./../Set/Set.cpp:88:89: error: no member named 'Node' in namespace 'ft::ft'
typename ft::set<T, Compare, Alloc>::iterator ft::set<T, Compare, Alloc>::_to_begin(ft::Node<T> *leaf) {
                                                                                    ~~~~^
./../Set/Set.cpp:88:94: error: 'T' does not refer to a value
typename ft::set<T, Compare, Alloc>::iterator ft::set<T, Compare, Alloc>::_to_begin(ft::Node<T> *leaf) {
                                                                                             ^
./../Set/Set.cpp:87:20: note: declared here
template <typename T, class Compare, class Alloc>
                   ^
./../Set/Set.cpp:88:98: error: use of undeclared identifier 'leaf'
typename ft::set<T, Compare, Alloc>::iterator ft::set<T, Compare, Alloc>::_to_begin(ft::Node<T> *leaf) {
                                                                                                 ^
./../Set/Set.cpp:88:103: error: expected ';' at end of declaration
typename ft::set<T, Compare, Alloc>::iterator ft::set<T, Compare, Alloc>::_to_begin(ft::Node<T> *leaf) {
                                                                                                      ^
                                                                                                      ;
./../Set/Set.cpp:88:104: error: expected unqualified-id
typename ft::set<T, Compare, Alloc>::iterator ft::set<T, Compare, Alloc>::_to_begin(ft::Node<T> *leaf) {
                                                                                                       ^
./../Set/Set.cpp:101:81: error: redefinition of '_to_begin' as different kind of symbol
typename ft::set<T, Compare, Alloc>::const_iterator ft::set<T, Compare, Alloc>::_to_begin(ft::Node<T> *leaf) const {
                                                                                ^
./../Set/Set.hpp:71:15: note: previous definition is here
                                iterator                _to_begin(Node<T> *);
                                                        ^
In file included from tester6.cpp:4:
./../Set/Set.cpp:101:95: error: no member named 'Node' in namespace 'ft::ft'
typename ft::set<T, Compare, Alloc>::const_iterator ft::set<T, Compare, Alloc>::_to_begin(ft::Node<T> *leaf) const {
                                                                                          ~~~~^
./../Set/Set.cpp:101:100: error: 'T' does not refer to a value
typename ft::set<T, Compare, Alloc>::const_iterator ft::set<T, Compare, Alloc>::_to_begin(ft::Node<T> *leaf) const {
                                                                                                   ^
./../Set/Set.cpp:100:20: note: declared here
template <typename T, class Compare, class Alloc>
                   ^
./../Set/Set.cpp:101:104: error: use of undeclared identifier 'leaf'
typename ft::set<T, Compare, Alloc>::const_iterator ft::set<T, Compare, Alloc>::_to_begin(ft::Node<T> *leaf) const {
                                                                                                       ^
./../Set/Set.cpp:101:109: error: expected ';' at end of declaration
typename ft::set<T, Compare, Alloc>::const_iterator ft::set<T, Compare, Alloc>::_to_begin(ft::Node<T> *leaf) const {
                                                                                                            ^
                                                                                                            ;
./../Set/Set.cpp:101:116: error: expected unqualified-id
typename ft::set<T, Compare, Alloc>::const_iterator ft::set<T, Compare, Alloc>::_to_begin(ft::Node<T> *leaf) const {
                                                                                                                   ^
./../Set/Set.cpp:117:75: error: redefinition of '_to_end' as different kind of symbol
typename ft::set<T, Compare, Alloc>::iterator ft::set<T, Compare, Alloc>::_to_end(ft::Node<T> *leaf) {
                                                                          ^
./../Set/Set.hpp:74:15: note: previous definition is here
                                iterator                _to_end(Node<T> *);
                                                        ^
In file included from tester6.cpp:4:
./../Set/Set.cpp:117:87: error: no member named 'Node' in namespace 'ft::ft'
typename ft::set<T, Compare, Alloc>::iterator ft::set<T, Compare, Alloc>::_to_end(ft::Node<T> *leaf) {
                                                                                  ~~~~^
./../Set/Set.cpp:117:92: error: 'T' does not refer to a value
typename ft::set<T, Compare, Alloc>::iterator ft::set<T, Compare, Alloc>::_to_end(ft::Node<T> *leaf) {
                                                                                           ^
./../Set/Set.cpp:116:20: note: declared here
template <typename T, class Compare, class Alloc>
                   ^
./../Set/Set.cpp:117:96: error: use of undeclared identifier 'leaf'
typename ft::set<T, Compare, Alloc>::iterator ft::set<T, Compare, Alloc>::_to_end(ft::Node<T> *leaf) {
                                                                                               ^
./../Set/Set.cpp:117:101: error: expected ';' at end of declaration
typename ft::set<T, Compare, Alloc>::iterator ft::set<T, Compare, Alloc>::_to_end(ft::Node<T> *leaf) {
                                                                                                    ^
                                                                                                    ;
./../Set/Set.cpp:117:102: error: expected unqualified-id
typename ft::set<T, Compare, Alloc>::iterator ft::set<T, Compare, Alloc>::_to_end(ft::Node<T> *leaf) {
                                                                                                     ^
./../Set/Set.cpp:130:81: error: redefinition of '_to_end' as different kind of symbol
typename ft::set<T, Compare, Alloc>::const_iterator ft::set<T, Compare, Alloc>::_to_end(ft::Node<T> *leaf) const {
                                                                                ^
./../Set/Set.hpp:74:15: note: previous definition is here
                                iterator                _to_end(Node<T> *);
                                                        ^
In file included from tester6.cpp:4:
./../Set/Set.cpp:130:93: error: no member named 'Node' in namespace 'ft::ft'
typename ft::set<T, Compare, Alloc>::const_iterator ft::set<T, Compare, Alloc>::_to_end(ft::Node<T> *leaf) const {
                                                                                        ~~~~^
./../Set/Set.cpp:130:98: error: 'T' does not refer to a value
typename ft::set<T, Compare, Alloc>::const_iterator ft::set<T, Compare, Alloc>::_to_end(ft::Node<T> *leaf) const {
                                                                                                 ^
./../Set/Set.cpp:129:20: note: declared here
template <typename T, class Compare, class Alloc>
                   ^
./../Set/Set.cpp:130:102: error: use of undeclared identifier 'leaf'
typename ft::set<T, Compare, Alloc>::const_iterator ft::set<T, Compare, Alloc>::_to_end(ft::Node<T> *leaf) const {
                                                                                                     ^
./../Set/Set.cpp:130:107: error: expected ';' at end of declaration
typename ft::set<T, Compare, Alloc>::const_iterator ft::set<T, Compare, Alloc>::_to_end(ft::Node<T> *leaf) const {
                                                                                                          ^
                                                                                                          ;
./../Set/Set.cpp:130:114: error: expected unqualified-id
typename ft::set<T, Compare, Alloc>::const_iterator ft::set<T, Compare, Alloc>::_to_end(ft::Node<T> *leaf) const {
                                                                                                                 ^
tester6.cpp:14:2: error: too few template arguments for class template 'set'
        set<int> sat;
        ^
./../Set/Set.hpp:21:9: note: template is declared here
                class set
                      ^
tester6.cpp:15:7: error: no member named 'cout' in namespace 'ft::std'
        std::cout << "iterator pair " <<sat.insert(42).second << std::endl;
        ~~~~~^
tester6.cpp:15:64: error: no member named 'endl' in namespace 'ft::std'
        std::cout << "iterator pair " <<sat.insert(42).second << std::endl;
                                                                 ~~~~~^
tester6.cpp:16:7: error: no member named 'cout' in namespace 'ft::std'
        std::cout << "iterator pair " <<sat.insert(42).second << std::endl;
        ~~~~~^
tester6.cpp:16:64: error: no member named 'endl' in namespace 'ft::std'
        std::cout << "iterator pair " <<sat.insert(42).second << std::endl;
                                                                 ~~~~~^
tester6.cpp:27:8: error: no member named 'cout' in namespace 'ft::std'
                std::cout << "it = "  << *it << std::endl;
                ~~~~~^
tester6.cpp:27:40: error: no member named 'endl' in namespace 'ft::std'
                std::cout << "it = "  << *it << std::endl;
                                                ~~~~~^
tester6.cpp:29:7: error: no member named 'cout' in namespace 'ft::std'
        std::cout <<"end = " << *it << std::endl;
        ~~~~~^
tester6.cpp:29:38: error: no member named 'endl' in namespace 'ft::std'
        std::cout <<"end = " << *it << std::endl;
                                       ~~~~~^
tester6.cpp:35:3: error: expected '}'
        }
         ^
./../Set/../rbt/Node.hpp:2:1: note: to match this '{'
{
^
280 errors generated.
